c_custkey	c_name	revenue	c_acctbal	n_name	c_address	c_phone	c_comment
262	Customer#000000262	400291.5630	1561.80	EGYPT	DcUOAFBxMu8oGKvIqbDx7xgeZ	14-698-169-5201	ress packages above the ironic accounts are against the ironic pinto beans. carefully final accoun
973	Customer#000000973	389813.4555	3229.18	ALGERIA	FT4jTOdVCpmYW	10-749-928-5415	sly special requests integrate carefully along the special foxes. regular, silent
1018	Customer#000001018	362341.3676	8341.71	CHINA	yldxLZOgQwzrXh3t4yktykZZV8v,vK2c6pVr	28-450-764-4871	e quickly around the quick, regular pinto beans. regular, regul
790	Customer#000000790	352765.4580	2724.98	ALGERIA	CR bzmYYVP	10-368-832-9671	riously final requests haggle to the blithely special requests. blithely pending gifts after the carefully silent id
1762	Customer#000001762	337207.9213	1171.92	MOROCCO	LD,Y0Xj io6wJYOZJI	25-319-745-1408	ng accounts. thinly regular packages across the furiously ironic accounts wake fluffily accounts
316	Customer#000000316	330792.4686	4571.78	INDIA	zE dN3aqjaG	18-171-394-5011	egular ideas cajole around the ironic, pending deposits. furiously pending dolphins serve blithely regular 
1511	Customer#000001511	327914.4275	2757.29	EGYPT	Lh9VKgOjqeJ5P5veH6NKZG3We	14-230-666-6671	xes. ironic, special dolphins against the regular accounts haggle carefully across the f
1399	Customer#000001399	322325.2933	7352.14	ALGERIA	FOuY,endAFj	10-775-919-7154	foxes across the silent platelets haggle fluffily special requests. unusu
397	Customer#000000397	319328.0045	709.46	GERMANY	EzR2BKJ85SmBDS	17-103-357-8777	al theodolites. regular accounts are regular, silent foxes. unusual asymptotes above t
2191	Customer#000002191	318989.8609	2005.99	GERMANY	 GZDL8ov p2eSGYvF5N	17-107-715-5454	ic dependencies about the furiously 
2216	Customer#000002216	312953.5473	7685.67	INDIA	2RAIV5UdIqf05roYh,ZJZ31svG8RqR 0vZ3w	18-769-834-9358	endencies will have to cajole carefully. final accounts wake furiously against the fur
1105	Customer#000001105	306554.0696	9491.46	RUSSIA	cZhhOUzv6,Vbaa2bFT	32-885-298-6750	y final packages. furiously ironic packages was. fluffily ironic instructions integrate
2170	Customer#000002170	300041.0321	3486.76	JAPAN	8YNPk0 eMPFxdCGNN0h6JJjCtvGgJYel	22-546-227-2477	fily regular ideas-- foxes detect across the stealthily special foxes. quickly express accounts against the e
1891	Customer#000001891	298997.3012	3069.79	INDONESIA	xdhHnr2OrFVgZSEY190	19-323-409-2180	ording to the blithely final requests. requests sleep quickly according to the ironic, even deposits. blithely ir
1639	Customer#000001639	290140.0875	6651.19	ARGENTINA	QWbeop69wQqRFQbySM7WqPGTSd7fW6QMFYIjL	11-304-833-1391	nt deposits cajole slyly blithe pinto bea
499	Customer#000000499	289752.7130	4293.76	KENYA	m1hO3VXQVbwTbJ99Hw	24-387-817-9149	old sentiments cajole carefully among the blithely unusual requests. final packages nag careful
1801	Customer#000001801	282908.1344	6806.86	CANADA	8ZC3HFVDQGf23cjelZL0wa	13-994-265-8339	es sleep carefully along the quickly regular accounts. furiously unusual packages must are permanent accou
1546	Customer#000001546	275521.7555	4488.33	SAUDI ARABIA	kFu hXaTK2Vk	30-788-120-7833	sts haggle furiously. even, regular packages sleep. idly idle somas affix furiousl
436	Customer#000000436	274213.7009	5896.87	ROMANIA	4DCNzAT842cVYTcaUS94kR0QXHSRM5oco0D6Z	29-927-687-6390	olites engage carefully. slyly ironic asymptotes about the ironi
1574	Customer#000001574	269578.4322	1204.82	INDIA	hgovcHRlq4 y	18-753-101-5745	e regular courts affix after the thinly ironic reque
295	Customer#000000295	267367.3852	9497.89	ALGERIA	mk649IH6njR14woTVZ1cxtlNs URxBHD5o5z2	10-340-773-4322	play according to the quickly ironic instructions-- unusual, bol
2227	Customer#000002227	266829.9102	-147.42	CANADA	 SEYwZbWYuJ,02oKOpjUCFuum	13-157-687-8744	 final, ironic ideas. special accounts haggle slyly across the notornis. express theodolites haggle furiously 
169	Customer#000000169	264268.9508	4483.83	CHINA	NjhmHa7xrcjE	28-362-499-3728	fully unusual pinto beans. blithely express asymptotes lose carefully regular instructions? accounts b
1127	Customer#000001127	261559.4551	8631.35	IRAN	nq1w3VhKie4I3ZquEIZuz1 5CWn	20-830-875-6204	endencies. express instructions wake about th
898	Customer#000000898	261295.7458	8137.24	CANADA	JrvrIEzAre,VJzJCi3SEmib1T2,YVXVvOGxaVZwR	13-265-738-4361	s haggle around the special dependencies. slyly regular requests are according to the idly sly ideas! fluffily final
928	Customer#000000928	260949.1708	8330.70	VIETNAM	A9 UduEb48ffOe27FxMXF	31-508-509-6393	 instructions cajole fluffily alongside of the blithely regular re
770	Customer#000000770	256282.9658	2066.79	INDIA	IjwJR6TjBJZbKIeouH2d	18-856-112-5677	dolites haggle express, express requests. furiou
805	Customer#000000805	255852.0496	511.69	IRAN	wCKx5zcHvwpSffyc9qfi9dvqcm9LT,cLAG	20-732-989-5653	busy sentiments. pending packages haggle among the express requests-- slyly regular excuses above the slyl
1876	Customer#000001876	254745.4525	90.46	GERMANY	pUsteCJxfoVJ	17-965-399-4552	s. ironic theodolites around the specia
49	Customer#000000049	253457.9074	4573.94	IRAN	cNgAeX7Fqrdf7HQN9EwjUa4nxT,68L FKAxzl	20-908-631-4424	nusual foxes! fluffily pending packages maintain to the regular 
703	Customer#000000703	253000.2449	3998.42	FRANCE	ge1GEYt4ewGUiSeqBA4rNB5JhyQ92uKF	16-741-513-6919	arefully final accounts cajole quickly blith
568	Customer#000000568	249466.7554	1317.56	JORDAN	ZddVCnzeABTTBgV3GvkvNtw9,KOHHpME2GELhz	23-603-795-8611	gular decoys haggle slyly. blithely special packages slee
716	Customer#000000716	237739.8774	8364.99	JAPAN	jbXpMEcV9j,6ciftBXEMXDjE	22-501-849-6084	as. even accounts about the slyly pending excuses lose bl
1309	Customer#000001309	235607.7997	-922.69	IRAN	xaOhk73bjekYrVc5zZ36c,GuZUxsMHjo7WH9WVe	20-821-905-5952	nusual excuses. ironic deposits are furiously ironic frays. blithely ironic platelets are evenly regular package
1036	Customer#000001036	233836.3852	1766.23	INDIA	fxujgj8DOFO6oKrH	18-791-577-7691	ins sleep. slyly express platelets cajol
1279	Customer#000001279	233203.2363	7915.06	KENYA	fkrzLacsqCnwUwgjjttKmY	24-742-587-6985	tes are. ideas above the carefully ironic d
778	Customer#000000778	232735.1400	52.43	UNITED KINGDOM	tCuRA2W9y5iiGrcT7a4TzK	33-702-179-3134	hely ironic instructions. regular, ironic requests affix along the carefully 
1690	Customer#000001690	231288.4885	-381.24	ARGENTINA	v2dVbJH3RxbBj5Wk5btJdzv9K35jXAoxhRYVthO	11-869-223-3212	riously throughout the slyly express accounts. slyl
1984	Customer#000001984	230192.1593	8661.08	JORDAN	MAqwYLxOBbMoyAWwvjEZK9QYgRMbhtFkdHbiR	23-768-636-1831	y unusual requests. furiously ironic deposits haggle quickly a
392	Customer#000000392	229652.1624	8492.33	PERU	H7M6JObndO	27-601-793-2507	efully bold ideas. bold requests sleep carefully blithe instructions. carefully final accounts are blithely quickly 
2024	Customer#000002024	228820.5870	-167.00	FRANCE	zR5rsmoRte	16-534-640-2268	 ironic dependencies. instructions doze blithely among 
1445	Customer#000001445	227705.5010	8367.94	VIETNAM	5y7gtM75FOfTSBKx9gs9c9MkqJt	31-151-251-1931	carefully regular accounts after the b
1301	Customer#000001301	226289.5170	8966.63	IRAN	oR0kHfL6GWhF VPD,mM1Jxsd9l3nZEkfDn	20-339-347-9046	egular asymptotes along the even, express packages sleep express realms; carefully final packages haggle quickly
634	Customer#000000634	224012.7846	6397.58	SAUDI ARABIA	O09TejHJ6UszNfmqTR cmal8zcs	30-997-704-1110	e above the regular deposits. slyly even requests integrate slyly blithely express forges. regular platele
356	Customer#000000356	223861.1532	2934.06	IRAN	9RfNXUJivKTonL2bp1eG5IT	20-415-457-4421	al packages haggle always. daringly bold inst
1487	Customer#000001487	223360.0248	3589.16	PERU	AJXUi2qFVKfypmmpTEbkmjmz0gPKQ2	27-197-562-5547	y final instructions. regular, regular packages boost alongside of the b
2104	Customer#000002104	222338.9884	5533.39	UNITED STATES	5OZFQ dlhF4	34-786-781-9766	y regular asymptotes. final platel
646	Customer#000000646	221870.8536	6074.42	BRAZIL	gogI8kweD 2H6U,01lbIp0UWUwljSue,KRcC	12-177-329-4316	ptotes. silent requests cajole fluffily along the slyly permanent ideas. pending instr
1087	Customer#000001087	220373.0943	5878.21	VIETNAM	ETOH68urIxK839xmKEmfkjc	31-334-391-6403	s haggle above the slyly express requests. quickly regular packages after the quickly silent accoun
2158	Customer#000002158	219780.6272	5638.81	INDIA	TGxcJCq8yrFE0gwagTqci8pFBHSaI6ie 10riufr	18-757-535-6398	al theodolites according to the fur
1787	Customer#000001787	219488.1714	4120.78	SAUDI ARABIA	l9Rin,i89mx8LxSK0cC0BPi3OBcM3BXp	30-258-449-6408	ts above the quickly regular instructions cajole about the attainments. carefully
1211	Customer#000001211	219112.0173	4723.37	CHINA	HCACb3Al89h6NqHUJ8qIjhfGFyA4S0c2	28-280-785-7324	posits. packages affix carefully after the carefully
542	Customer#000000542	219003.9656	3109.96	MOZAMBIQUE	XU2ffxnW3TQasrfF0u2KwKWmMarPyY4q7Q	26-674-545-2517	r forges! requests alongside of the bold, final deposits
2023	Customer#000002023	218487.1344	-382.76	MOZAMBIQUE	SL0Lc5frokhdhoqTqKerHsU6XQusoS	26-376-733-5140	ously final accounts boost quickly ironic foxes. quickly bold braids wa
662	Customer#000000662	217743.9228	4517.33	ALGERIA	ss AgOrB5VFubLk bsmTgbw2ddJD	10-728-355-4532	ckages haggle: quickly regular ideas are after the furi
422	Customer#000000422	217352.0232	-272.14	INDONESIA	AyNzZBvmIDo42JtjP9xzaK3pnvkh Qc0o08ssnvq	19-299-247-2444	eposits; furiously ironic packages accordi
1642	Customer#000001642	215410.0731	6248.64	INDONESIA	UgLWC4Pw,XZX52b8hcEixGxk,J	19-134-303-4344	uick requests. furiously ironi
197	Customer#000000197	215364.9706	9860.22	ARGENTINA	UeVqssepNuXmtZ38D	11-107-312-6585	ickly final accounts cajole. furiously re
1033	Customer#000001033	212366.5103	81.06	INDIA	WOozPuOF8UdYMwjF5	18-470-380-2978	 to the quickly final packages. carefully slow accounts use blithely slowly permanent requests. un
2164	Customer#000002164	212255.6478	588.88	CANADA	GH3xzMl7iZmO 57FxA39ADAOcew,v,dT	13-258-868-1537	ickly ironic braids. furiously bold gifts nag. packages believe along the blit
1498	Customer#000001498	210292.3455	5810.56	ROMANIA	x XToT5oFi7oIsRG2mgIL3ncvYJoWBsufsQ7N,z	29-676-227-6356	ackages are slyly unusual req
2071	Customer#000002071	210283.8247	-455.22	JAPAN	0g5mpIwGXQwMm6imHv63b5NHu64Ej2N	22-899-598-1520	y silent deposits. furiously unusual accounts integrate slyly. ex
1958	Customer#000001958	203574.7353	8425.51	EGYPT	P8lsQKRVNyrMTYEgXU7W	14-218-444-2269	quests across the accounts need to haggle carefully regular deposits. careful accounts boost carefully fin
1207	Customer#000001207	202860.5414	-556.05	CANADA	tDZe2FlIxGjrf9x,n6N1tu0DbWyUkSSu	13-572-474-7362	uriously by the slyly regular packages. fluffily final deposits across the quickly express epitaphs us
334	Customer#000000334	199852.9850	-405.91	EGYPT	OPN1N7t4aQ23TnCpc	14-947-291-5002	fully busily special ideas. carefully final excuses lose slyly carefully express accounts. even, ironic platelets ar
1160	Customer#000001160	199457.6250	4976.24	UNITED STATES	v65g1aRCGA76ZHySoOBffL31n4vJ0nm,tK,UEA	34-103-942-4634	 pending, special packages against the blithely unusual packages eat quic
1151	Customer#000001151	199323.8496	6354.89	GERMANY	ratQBQ4rYv TfhWfHe	17-948-135-2667	l requests. furiously bold orbits after the furiously ironic excuses sleep
1735	Customer#000001735	195660.9672	7495.94	IRAN	59,bPx BNSZ1YJ9thet9N	20-343-415-9202	efully along the special realms. ruthlessly brave courts cajole carefully carefully silent reques
2209	Customer#000002209	195617.4405	6080.07	ROMANIA	Tn6ocW5 Mc sbYGx5S8fTT7Vv,PAIoOWWDH4zhj	29-510-267-8404	lyly blithely bold deposits. carefully silent foxes are somas. regular deposits sleep against the 
370	Customer#000000370	195062.2438	8982.79	JAPAN	oyAPndV IN	22-524-280-8721	ges. final packages haggle quickly. slyly bold 
1708	Customer#000001708	193920.1153	9702.83	BRAZIL	BdT2freRSXKa31JLnSBliCXmhi8J	12-857-766-2851	 always. requests are furiously packages. slyly regular tithes c
41	Customer#000000041	193252.0487	270.95	IRAN	IM9mzmyoxeBmvNw8lA7G3Ydska2nkZF	20-917-711-4011	ly regular accounts hang bold, silent packages. unusual foxes haggle slyly above the special, final depo
1159	Customer#000001159	191398.6970	5553.75	BRAZIL	IAnWq4YFKs7	12-269-807-3861	ages sleep fluffily. packages after the carefully express packages nag slyl
1669	Customer#000001669	190154.2840	9180.72	FRANCE	i38,,EDjrqVpk1UKXsl9cCdAwS,HpcFqPS	16-172-628-3560	quickly unusual packages are. furiously express ins
427	Customer#000000427	188821.7063	4376.80	BRAZIL	LHzXa71U2AGqfbqj1yYYqw2MEXq99dWmY	12-124-309-3821	y even multipliers according to the regu
1678	Customer#000001678	187628.1057	3396.57	EGYPT	xq R0 eIkV019MjY8yRdj r,Gfd	14-624-973-2343	sits. fluffily even instructions are again
775	Customer#000000775	184670.0696	1376.67	PERU	Cg3M4gTXeIY7llMN2puop7D2	27-903-936-7924	ts. blithely regular requests upon the ironic, final courts haggle sly, regular deposits. final requests 
817	Customer#000000817	183417.3301	7297.64	ALGERIA	jDJt0Wfk0,Wcx5HOI5itS XqUJmMpjzJ	10-566-341-4382	y against the carefully special patterns. unusual accounts sleep quickly final instructions. 
1165	Customer#000001165	183402.3930	8177.33	INDONESIA	h7KTXGSqsn0	19-766-409-6769	jole slyly beside the quickly final accounts. silent, even requests are stealthily ironic, re
653	Customer#000000653	183104.4366	7307.55	IRAQ	la,ROBPJ4I2YNzQw,RpbB0sTOjyv3F ZBeWRiQ	21-715-573-6928	aggle bravely deposits. even du
2161	Customer#000002161	180541.9579	5119.73	CHINA	nchKQGj2cgPrTM8q3erzWy	28-742-989-7821	ily ironic requests after the daringly final pinto beans haggle slyly along the regular requests. ev
1003	Customer#000001003	177049.1942	7894.00	VIETNAM	lE07lPMzVzMhG9CUC54uPwGw3BWO	31-716-397-1854	quests sublate blithely blithely special dependencies. excuses use busily express pinto bea
763	Customer#000000763	176994.2506	2650.27	ARGENTINA	ACMrkbcf3a2J3aobVEmU5hGnHuc	11-232-719-3610	 ironic asymptotes are. slyly bold realms alongside of the fluffily specia
958	Customer#000000958	176930.4756	1791.65	ETHIOPIA	OrOUBBV7NlzVFXtuSOECmQFOkw8r	15-455-954-2914	s deposits. blithely even packages sleep carefully ironic deposits. quickly ironic accou
1189	Customer#000001189	175850.2958	3798.28	IRAN	rbnZCbJSTE3qWLl	20-746-804-1553	enticingly express platelets wake. regular requests boost even, regular instructions. express dependencies a
1039	Customer#000001039	174381.3654	7618.54	IRAN	F602TgKjElSWrZ	20-871-886-9220	nding packages use. blithely regular sheaves doze blithely. fluffi
1501	Customer#000001501	173882.7569	9734.53	IRAN	tLJmtj5OgXCQM	20-489-284-9686	longside of the furiously ruthless deposits slee
1870	Customer#000001870	173073.6255	4739.19	ARGENTINA	iAG9OC,akOL06jR	11-950-597-6395	 epitaphs according to the slyly regular foxe
532	Customer#000000532	172564.1651	1725.68	MOROCCO	xwWO3lWjgVJTZwhnltyH6zj5ddkzgH8RbF	25-875-978-2232	usly regular deposits kindle. quickly even depos
1727	Customer#000001727	171268.5737	3628.03	UNITED KINGDOM	g7iJ1HSEmxE1sd4lWLV XcE64HA2JHYqPEJBA	33-952-217-5029	e regular excuses detect carefully spe
211	Customer#000000211	169502.7877	4198.72	JORDAN	URhlVPzz4FqXem	23-965-335-9471	furiously regular foxes boost fluffily special ideas. carefully regular dependencies are. slyly ironic 
2009	Customer#000002009	169263.6168	9270.23	UNITED STATES	D0Rg4xaqnzoAZno2I5P0BBN5KbvNGpOKk	34-184-907-5863	d requests. slyly final pinto beans doubt about the quickly unusual asymptotes. even, even
914	Customer#000000914	169241.7546	1230.79	ETHIOPIA	 LErnJFeOuDeMgvVzPKHS	15-915-758-7313	accounts. slyly final attainments boost slyly express, pen
1945	Customer#000001945	168301.2053	9880.10	IRAN	ghlnLGw i,LV,MAuts8Ii7XE4WaoExoa	20-470-267-5365	iously bold pinto beans cajole slyly warthogs. silent, special accounts detect evenly across the ironic pl
1859	Customer#000001859	167934.2446	4508.50	ARGENTINA	MV0YXkg6XVwBzeXMljCiLp	11-147-516-2776	t ideas. bold deposits across the quickly slow excuses haggle slyly unusual packages. furiously final ideas caj
1913	Customer#000001913	167176.8361	8031.55	INDIA	3Ya7Xzjzd,JayN,jN	18-831-659-1744	y express platelets. quickly ironic requests hinder quickly against the carefully bold deposits. acc
230	Customer#000000230	166072.6714	1682.83	VIETNAM	CnR8xt3MYqID0tiHwYh	31-744-950-8047	c decoys impress even deposits. thinly final asymptotes 
1421	Customer#000001421	165903.5568	7292.93	JAPAN	Qx9tZ9yiMo	22-139-990-1907	kly even ideas cajole carefully quickly ironic 
7	Customer#000000007	165141.9489	9561.95	CHINA	TcGe5gaZNgVePxU5kRrvXBfkasDTea	28-190-982-9759	ainst the ironic, express theodolites. express, even pinto beans among the exp
829	Customer#000000829	163638.1318	4086.56	INDIA	4oht3f64ZWA1,ACbBP9DNxjjG1CbIqOCK	18-404-707-6095	deposits cajole slyly ironic, express packages. asymptotes cajole ruthlessly 
490	Customer#000000490	162226.5192	-213.85	RUSSIA	 66fG3Fyb946cVQsH9Z3VMNzR,yfHMKIEB	32-268-147-7824	ash carefully never bold instructions. regular, bold asymptotes cajole regularly. quickly bold foxes wak
491	Customer#000000491	161439.7472	785.37	ALGERIA	r3zPOuenxHl0oqInxWlEyLP1ZH	10-856-259-7548	 slyly special requests hang dogged, express epitaphs.
1138	Customer#000001138	160621.9860	6035.44	RUSSIA	8 9P,dIGWnrrDiVs0S	32-236-817-2959	 instructions cajole thinly ironic requests. regular packages affix. ironic, final pinto beans ac
1489	Customer#000001489	160285.8149	4389.66	INDONESIA	yM8biIU5IFKHODCGTCwdkUf	19-906-669-4354	ckages play carefully? permanently regular pinto beans
1088	Customer#000001088	160031.6520	2098.62	RUSSIA	YjXQtOJoM0nhClEy0,WFdNxvJ1g6xpn kL2ommEv	32-324-225-2635	ly special ideas. slyly unusual requests haggle
1652	Customer#000001652	159859.2183	4335.18	GERMANY	uDJ6cxL10W sEd4,O7,rdoxst2Sp1Ij72Jb1	17-670-200-2924	ainst the close pinto beans. furiously final asymptotes across the even deposits 
239	Customer#000000239	159144.1200	5398.77	INDONESIA	w8eRmMOmUTjVOkucbfcGDh2AqCixTOC	19-699-117-6988	uctions. furiously even dolphins haggle fluffily according to the furiously regular dep
1490	Customer#000001490	158472.3330	8997.60	SAUDI ARABIA	vBUkY7eCyWP	30-326-598-2437	 bold orbits boost slyly according to the carefully ironic accounts. slyly special packages whithout the 
520	Customer#000000520	158307.7563	8315.09	CANADA	yaOGc9Ve92Bi4F6e0GcheU2MmEOXJE0zqyDT sEA	13-612-111-7765	 haggle across the even, bold instructions. final, even ideas might wake blithely against the 
1223	Customer#000001223	158017.5976	-413.03	IRAQ	,I0bRfCGE5ssaX4V3	21-659-745-8411	oxes. bold foxes detect always furiously special platelets. fluffily bold depende
1925	Customer#000001925	157848.1592	8891.65	ALGERIA	qZ8m0grVeRJN9h6Bn	10-814-492-1424	its sleep among the regular packages. fluffily final depende
1604	Customer#000001604	157714.9068	9079.75	FRANCE	DXn5Lr8KjjMebZznHhSsX3n7T6J8UkWdYw	16-960-140-9357	odolites. final frets need to grow according to 
1846	Customer#000001846	157147.6216	7115.80	MOZAMBIQUE	v0hJC6rlPBHdWAUGg7xm7SEUhpI3wWIO2	26-860-238-2408	riously regular deposits wake regularly above the slyly unusual requests: unusual packages are furiously furiousl
901	Customer#000000901	156760.5387	938.35	JAPAN	QUyXt94YM6Ou6rDqK	22-202-667-4372	 foxes maintain. theodolites sleep above the regular deposits. slyly bold excuses boost careful
1900	Customer#000001900	156376.3408	-57.96	VIETNAM	lf78mUY8AHVrPld7M8Ysotn9WoXwKoN	31-565-138-3230	kly regular accounts. requests use furiously alongside of the carefu
1238	Customer#000001238	155702.6460	4299.22	FRANCE	HGCJI27,RIIQcS20,DcJbMQuUmN3Vhzdm	16-302-171-7578	ly special requests. unusual, special asymptotes according to the blithely express pinto beans wake en
1019	Customer#000001019	154636.3880	2114.53	VIETNAM	VMFs38VlBt01g30PzPyliiAoGHazC4HG74JJ	31-502-683-3413	quickly special ideas about the courts use of the pending instructions. furiously final accounts c
2119	Customer#000002119	154405.1383	7815.78	IRAQ	z4aA4r9JSUU4HSn7,Pnx85BrTnDbIm0og9Ol	21-477-568-8362	efully bold asymptotes cajole furiously quickly silent gifts. furiously i
1838	Customer#000001838	154151.6485	7142.14	VIETNAM	4nF9mi2bj3s82Sv8KPgIsS	31-194-756-6301	 deposits. regular requests nag slyly-- regular accounts are furiously acr
1180	Customer#000001180	152517.7640	3367.36	JORDAN	jI4QtviiCs0,LOgUPH4aONMnoNt	23-188-767-6645	uests poach carefully carefully final deposits: ironic, regular deposits are slyly busy excuses. regular
1307	Customer#000001307	151361.3416	4344.52	CANADA	L OAVSFQauP87kLdHouM8	13-970-299-8199	ts. brave, express packages boost. even, pending instructions nag blithely regular theodolite
430	Customer#000000430	151276.4876	7905.17	CANADA	s2yfPEGGOqHfgkVSs5Rs6 qh,SuVmR	13-406-611-4228	ly slyly ironic attainments. slyly special instructions until the deposits nag quickly whithout the bo
917	Customer#000000917	150782.2785	3679.65	ARGENTINA	KZ TS0omSFmUQkIOmzlXhwQS,OcF3wzz5	11-100-917-5264	arefully fluffy pinto beans. enticingly silent requests affix furiously busily regular ide
772	Customer#000000772	150145.7762	7555.16	SAUDI ARABIA	TBxlR0AAHeSYl0vyK 8joF	30-405-614-4887	ular requests. final ideas sleep. regular, even platelets could haggle blithely bol
632	Customer#000000632	149009.2296	-487.92	CANADA	sUlni97rSK6DIL	13-310-645-6928	ld dependencies sleep slyly along the special requests. furiously regular asymptotes use furiously accounts.
1288	Customer#000001288	147166.7255	6603.43	CANADA	wQDTTCkSGxic2d66	13-533-256-9320	equests detect atop the ironic deposits. final requests according to the blithely sp
2069	Customer#000002069	147108.0136	4151.34	RUSSIA	uWyQnULICJNx,y,fdZoZRq5Tf	32-256-712-5982	ests. accounts boost fluffily across the regular deposits. accounts nag carefully 
1055	Customer#000001055	147049.0295	639.93	GERMANY	Z3AggyEMPME2hqqTfbMC76O0z	17-802-131-7180	dolphins: furiously ironic pinto beans above the carefully regular foxes nag slyly across th
833	Customer#000000833	146924.2852	-526.14	FRANCE	t3qDCo,Yh MZcJFV6PibeY,MUunz	16-624-307-4875	uickly final orbits across the blithely express accounts integrate furiously among the final sheaves. blithe
1261	Customer#000001261	146789.7020	5579.81	SAUDI ARABIA	mWs6m9QwmTOZ	30-372-895-4261	uffily final pinto beans. ironic deposits according to th
76	Customer#000000076	146684.6102	5745.33	ALGERIA	m3sbCvjMOHyaOofH,e UkGPtqc4	10-349-718-3044	pecial deposits. ironic ideas boost blithely according to the closely ironic theodolites! furiously final deposits n
1363	Customer#000001363	146010.6950	-112.46	JORDAN	mYa,yAtLmW2mCglfc7cZ8LrPuP0	23-964-365-7781	silent packages. blithely regular instructions haggle carefully slyly ironic forges? thin, br
1130	Customer#000001130	145912.1209	9519.36	RUSSIA	60zzrBpFXjvHzyv0WObH3h8LhYbOaRID58e	32-503-721-8203	s requests nag silently carefully special warhorses. special accounts hinder slyly. fluffily enticing
1970	Customer#000001970	145876.1834	5469.10	KENYA	V9aSisZGbj8fo	24-949-639-9364	grate furiously ironic orbits? final, pending deposits affix carefully express ideas. special, express pack
949	Customer#000000949	145197.8688	5340.67	BRAZIL	tOBbBIfhWM lNI3YxTYH8Or8Ki	12-391-316-1861	pecial, pending dolphins. slyly final ideas boost quickly. carefull
1741	Customer#000001741	144843.8983	-0.28	SAUDI ARABIA	W9G SogT0038gQBdoLtFsexbHqNl	30-605-828-6050	sits wake carefully final Tiresias. carefully unusual requests sleep 
884	Customer#000000884	144263.2650	1601.60	VIETNAM	5KyisO0Tv9ZtlJhzyI7vAe88	31-483-489-6172	 among the quickly express theodolites. accounts sleep furiously along the special, pending depende
2143	Customer#000002143	144228.2403	5373.42	INDONESIA	iSIlVncg,sc sQBHnywt4	19-861-895-7214	ver the unusual accounts. sile
1655	Customer#000001655	143207.1981	1214.81	ETHIOPIA	DjCE7uReh1B,,ikdShz9W3PCfqkJow	15-306-607-3769	s. special, bold requests haggle fluffily. carefull
353	Customer#000000353	142427.9929	3199.03	IRAN	eftGCmL4b5rAKdvUe9biJXzAH	20-733-644-2244	nal theodolites nag carefully. requests wake. slyly ironic ideas according to the blithely pe
575	Customer#000000575	142088.1555	3652.29	ARGENTINA	4K6h0pYH,bg2FS5cYL,qqejhvp7EfTlBjRjeVPkq	11-980-134-7627	 final requests cajole after the ironic, bold instructio
1276	Customer#000001276	141173.2266	-761.70	MOZAMBIQUE	c5UAVe71MPvmerPafNlpvTBWCewT	26-809-582-2064	 the blithely regular packages boost blithely regular excuses. final dep
1009	Customer#000001009	139691.3835	594.50	JAPAN	cWONXs2Vx30bkgYoCkx7LrJH,E	22-132-906-1117	ng to the stealthy, final courts cajole carefully alongside of the gifts? regular ideas above the furiously express 
1283	Customer#000001283	139667.0974	2222.71	ALGERIA	6JeLWEtDERPB,0KzWB,I6Xs8rJXAC8ryFulW5NPC	10-203-771-2219	 blithely daringly final theodolites. foxes ha
1418	Customer#000001418	139432.8355	9359.01	PERU	S5uBtE hDxHcHunowPDXKSxP3csMFnhYt	27-773-818-3164	ggle quickly blithely thin excuses. final, even accounts integrate slyly. carefully pending account
1384	Customer#000001384	138195.8318	1534.38	INDIA	bQI5haTy6PHM8MyRtKSlvU4ixAUg	18-788-299-9227	tes. regularly pending theodolites cajole even sheaves. stealthy, ironic ideas are furiously above the even p
1676	Customer#000001676	137492.3862	6504.47	ETHIOPIA	WgQKmlxIcGQz86n5sQMbWUu8cg7UG7W3r	15-612-997-6342	s. even asymptotes boost blithely
1850	Customer#000001850	137481.9972	722.28	IRAN	yY0Ihs9rn4Jt9qzowqGCKcGYUYVqrOpfKVArQK	20-451-644-7838	lly regular accounts. carefully regula
1324	Customer#000001324	136359.7917	7548.88	GERMANY	6qS1ZDpAYr9aED9Yh ggf8ACJcPi7sp	17-415-957-9976	t the busy courts sleep quietly above the ideas. final accounts after the regular, ironic pl
1499	Customer#000001499	136346.8928	9128.69	CANADA	4,6jWOEqfnuXkwhB7gs0M9TcWJlaJNv4bt	13-273-527-9609	ole blithely permanent instructions. carefully even packages
1007	Customer#000001007	136295.0043	7347.90	INDONESIA	PfH0lw8GzD7o	19-790-843-5283	 theodolites. ironic requests wake. thinly silent 
2162	Customer#000002162	136252.1098	3269.15	ETHIOPIA	vE2oIHArv4Kb46qAiyPJ0cVoBuv onFD0nQu	15-592-777-5405	ackages was carefully slyly ironic deco
2197	Customer#000002197	136085.0649	8458.37	ALGERIA	L0HH7L9SpDzDuyvsUBqnwhNscL0gmrLJM6	10-409-367-8789	final ideas sleep carefully quickly ironic deposits. slyly regular pinto beans wake alo
293	Customer#000000293	135472.3675	-43.79	BRAZIL	7ynwX7lZ3o2cmAWSkKAc3edKa 8yT	12-887-984-5485	ironic foxes are final packages. requests about the furiousl
2248	Customer#000002248	135265.7544	3453.28	ARGENTINA	oZUrUS,DlfH	11-890-560-6896	ar, even packages wake above the ironic requests. quickly express requests wake. pinto b
332	Customer#000000332	135149.3582	-267.09	RUSSIA	Jfosq,G6ziag7M04IvCx7SMRafyYvSI,Do	32-767-972-2596	 around the pinto beans. final theodolites haggle
832	Customer#000000832	135143.0900	-201.49	ROMANIA	eNIy9PatAWlh0	29-264-864-8387	the special ideas. finally ironic accounts doubt. slyly regular ideas
292	Customer#000000292	133887.6266	2975.43	IRAQ	hCXh3vxC4uje9	21-457-910-2923	usly regular, ironic accounts. blithely regular platelets are carefully. blithely unusual ideas affi
1744	Customer#000001744	133708.1658	1436.96	PERU	cUBf1 YMJEgbt2XDeQWD4WinTu4iFIF	27-864-312-2867	egularly bold, ironic packages. even theodolites nag. unusual theodolites would sleep furiously express
1540	Customer#000001540	133637.4439	6102.98	PERU	c1kVCV43v2RpUwCoZJ2LBHWYt2BT7	27-352-357-7209	ious foxes against the slyly regular deposits boost ideas. regular waters sleep slyly: unusual deposits
497	Customer#000000497	133470.3196	2191.59	UNITED KINGDOM	0 qRRXAxUbo1J KDwDMjFde5fXDwn 	33-937-724-3506	fluffy ideas detect carefully 
1411	Customer#000001411	132979.0824	772.14	VIETNAM	4iLVKtSmtJpU	31-898-640-7625	sly final ideas. carefully bold pinto beans wake: slyly regular packages must sleep. final platelets inte
2153	Customer#000002153	132947.6526	3283.19	KENYA	JLl30yUD7I,Dr5MOpCt9dLAm03	24-329-970-3447	tions cajole quickly slyly silent deposits. carefully pending theodolites against the final asympto
493	Customer#000000493	131162.4617	6582.04	MOZAMBIQUE	G dRBjxmBBug1 xRSa6VwRchFDtU5b	26-514-558-7246	er the furiously express excuses use above the regular accounts. regular instructions after the 
419	Customer#000000419	130962.2951	7786.69	MOZAMBIQUE	gvbZNJ4UVBAo5yOZ2UOWcvV9TeTj	26-338-447-2399	ideas affix alongside of the final accounts. quickly ironic deposits abo
1114	Customer#000001114	129870.6268	6446.83	KENYA	f7 he8eByBFy6z7vcOajC1gaUKqmRN	24-630-988-3843	ularly ironic platelets. pinto beans along the slyly express packages wake unusual packa
838	Customer#000000838	129501.9736	1605.76	ETHIOPIA	BxDlz44b56kXjsTpl	15-919-192-7197	elets. never express accounts haggle slyly. depths along the requests haggle bl
1108	Customer#000001108	129362.9829	4997.35	GERMANY	9sPt6a66R0eCRVYh9QrF8zjxNWFFk8KU	17-408-450-8891	rding to the final instructions. carefully final accounts wake along the carefully careful pinto beans. re
275	Customer#000000275	129131.3084	5067.31	RUSSIA	M1UCTKrZLOgSyr	32-194-864-6861	y regular deposits. fluffily ironic packages cajole along the 
961	Customer#000000961	128729.7746	6963.68	JAPAN	5,81YDLFuRR47KKzv8GXdmi3zyP37PlPn	22-989-463-6089	e final requests: busily final accounts believe a
61	Customer#000000061	128720.9571	1536.24	PERU	9kndve4EAJxhg3veF BfXr7AqOsT39o gtqjaYE	27-626-559-8599	egular packages shall have to impress along the 
1291	Customer#000001291	128581.1060	8227.37	GERMANY	dg3hkdHiI9zqk7l3242Q28OLLFy,1vZ,	17-693-294-2656	, final requests-- furiously careful ideas wake busily ironic, even a
1480	Customer#000001480	128301.2012	876.02	GERMANY	Hzjh65ZXBFSzflrjQgECkrp35gDha,2	17-573-775-8796	uriously pending courts are. deposits serve quickly blithely final excuses. slyly reg
1843	Customer#000001843	127382.2788	1821.61	ARGENTINA	5Op16OGLtq5hXrYvKBKPPu,B1pB	11-977-879-2346	 requests after the never bold ideas hang carefully bold sheaves. carefully pending deposits
508	Customer#000000508	127275.7619	1685.90	CHINA	q9Vq9 nTrUvx	28-344-250-3166	uses dazzle since the carefully regular accounts. patterns around the furiously even accounts wake blithely abov
1516	Customer#000001516	126602.6314	9263.27	KENYA	VFbEMU7LSQZPCZ3m73dNP2WH0ywr5loATV4r	24-797-943-8908	tructions integrate above the regular, regular somas. blithely ironic asymptote
1528	Customer#000001528	125611.1867	4114.07	VIETNAM	fa,9WdvoEW06FtLQ6bpXBYGORjOWt,w	31-594-709-9605	 bold deposits sleep slyly about the blithely express accounts. final accounts haggle furiously at the
2059	Customer#000002059	125558.0068	-254.89	ROMANIA	OQsFB7LNWlG Pc9v 626GejbiUsJBlMAzLH	29-427-133-3965	lites. final ideas along the express deposits haggle furiously among the regular accounts. r
1216	Customer#000001216	124067.2950	2155.06	CANADA	CSf1BbFhJhucmvftOwYLQACMEqgXj	13-673-633-4561	eposits. slyly ironic dependencies haggle quickly. slyly close orbits above
391	Customer#000000391	123987.2058	4801.30	IRAQ	q10SV05KB1038lzUR8P	21-604-451-4462	le blithely final forges. furiously even deposits cajole fluffily even patterns. furious
401	Customer#000000401	123653.1189	4146.43	ROMANIA	aKALIG526OK4veQfUh2KmKcE,oRyg	29-667-766-5291	l instructions wake. slyly express deposits us
256	Customer#000000256	123639.0328	1299.92	IRAN	eJ6AggYh80JMEzZNwYK4CIC2flT	20-229-271-4429	ld boost about the carefully ironic foxes. slyly special packages cajole alongside of the slyly final accounts. q
2080	Customer#000002080	123241.9560	6700.49	IRAN	fPmA BjHaeWUbUpNBm	20-588-868-3463	 deposits kindle furiously. car
793	Customer#000000793	122517.8871	2072.99	ALGERIA	 SltK1IMp2Xvwb,A0x3Co1uhcwr	10-404-953-9048	uickly silent foxes use after the
2224	Customer#000002224	122504.6770	2521.46	JORDAN	w58kcuHqnUoEhzPR26KrdAhsHOg0dQXFV,E82v	23-623-108-3568	 quiet, final platelets integrate fluffily. bold instructions nag quickly. furiously unusual deposits are u
341	Customer#000000341	122415.2844	8247.11	INDONESIA	4,zQfld2YV9TSeNgCSOvqlxhJvVW8WD	19-870-813-8585	low, special platelets alongside of the even, bold theodolites are carefully 
1295	Customer#000001295	122330.8200	753.62	UNITED STATES	kded3b,5e5	34-259-484-2624	slyly final accounts detect blithely regular, bold requests-- blithely final foxes wake blithel
1462	Customer#000001462	122070.3928	7305.88	PERU	b9Ed,6BCKn5v37q1	27-153-195-4457	ously slyly express requests. spec
871	Customer#000000871	122062.9722	-395.89	SAUDI ARABIA	KcLmBKitbx7NvU7bpu9clIyccxWG	30-933-714-8982	ts. blithely silent courts doze. regular atta
1000	Customer#000001000	122032.2672	-881.70	RUSSIA	hzM1shTwWlLuk	32-730-275-2976	 closely against the slyly special deposits. regular, ironic p
640	Customer#000000640	121697.4378	3025.84	BRAZIL	j3vjr0 n,pJFG4gIOtC	12-702-315-6637	lly. furiously quick deposits haggle quickly regular packages. pinto 
1519	Customer#000001519	121423.9451	6172.47	KENYA	ersLKVkITqd,b7yCM1td5h9Y1tQv	24-663-396-2927	ost from the close accounts. r
1613	Customer#000001613	121390.1766	7539.75	ROMANIA	grC4vU,xdQCWgrPJzj	29-636-508-4398	onic excuses. regularly unusual deposits sleep. slyly ironic accounts nag carefully. furiousl
1147	Customer#000001147	121149.0502	7734.64	MOROCCO	AVjlczwVwL CT jO3sgWn	25-754-809-7107	eposits. quickly express accounts are idly. slyly final platelets wak
1208	Customer#000001208	121015.4960	2426.52	ETHIOPIA	M uLSFG6IrQkKQxrH5vCbPjglIpB3JC	15-789-973-6601	 blithely bold dependencies detect slyly. carefully silent platelets haggle along the pinto beans
2165	Customer#000002165	120967.1779	6312.61	IRAQ	6J1XqDtJC9P3 qvR9 OTRMirIPQuw	21-667-454-1764	rding to the blithely express excuses. furiously special instructi
304	Customer#000000304	120586.1600	9217.55	ALGERIA	Cilvb3k8ghDX4	10-321-698-7663	s integrate at the carefully ironic instructions. fin
1136	Customer#000001136	119785.6842	-723.49	UNITED STATES	GHCEiSK0TKsOncuJT3,2zSvlZW4Pz	34-440-798-1100	ular pinto beans. slyly special deposits according to the slyly ironic requests maintain quickly 
613	Customer#000000613	119264.6269	6679.75	EGYPT	AJT,26RbanTdEHOBgTWg	14-275-416-1669	ironic, pending deposits: quickl
88	Customer#000000088	118905.4440	8031.44	MOZAMBIQUE	wtkjBN9eyrFuENSMmMFlJ3e7jE5KXcg	26-516-273-2566	s are quickly above the quickly ironic instructions; even requests about the carefully final deposi
1834	Customer#000001834	118869.2277	2985.37	UNITED STATES	 oWU4qpGp8v5pjfHDGwIAh7z	34-976-916-8306	slyly unusual packages play. unusual, ironic ideas integrate always according to the thin requests. ste
1736	Customer#000001736	118685.0789	-686.49	GERMANY	t3 1Dv36zNjBXauc2HKcSLJk,QRu4t	17-572-741-5408	s! slyly sly requests above the expr
727	Customer#000000727	118088.3692	807.37	CHINA	wLIX8hKnk0qjUAAGqm	28-815-316-3525	 requests-- quickly regular pinto beans need to detect 
94	Customer#000000094	117888.9334	5500.11	INDONESIA	IfVNIN9KtkScJ9dUjK3Pg5gY1aFeaXewwf	19-953-499-8833	latelets across the bold, final requests sleep according to the fluffily bold accounts. unusual deposits amon
1028	Customer#000001028	117804.6292	1915.53	IRAN	NxmOhIN,w45aogQ1hZSvqoz0 8nrbdkaiZOe	20-582-119-3249	ly unusual, even packages. fluffily special foxes across the furiously final asymptotes main
952	Customer#000000952	117322.3984	3710.14	UNITED STATES	jg0YsHARdoULvVtP2vGHLVoAfWKFNz6QdTeAi	34-527-524-9172	slyly regular ideas. even theodolite
2188	Customer#000002188	117071.9756	9382.06	ROMANIA	nT9ZHGQHkRnr2bR tsFckHjou	29-626-175-5850	oxes. furiously ironic reques
1441	Customer#000001441	115854.7917	9465.15	UNITED KINGDOM	u0YYZb46w,pwKo5H9vz d6B9zK4BOHhG jx	33-681-334-4499	nts haggle quietly quickly final accounts. slyly regular accounts among the sl
16	Customer#000000016	115571.5436	4681.03	IRAN	cYiaeMLZSMAOQ2 d0W,	20-781-609-3107	kly silent courts. thinly regular theodolites sleep fluffily after 
1904	Customer#000001904	115004.4380	9913.42	UNITED STATES	qtgYwanpIR3LfvbOPexVyJ8XHDWNn p95	34-565-694-9621	. furiously special requests haggle finally carefully 
910	Customer#000000910	114994.3670	5794.69	INDONESIA	Qg8TJTCT1mJ9H	19-899-463-4292	uctions. silent requests after the regular theodolites haggle furiously across the ca
1600	Customer#000001600	114501.2586	7027.54	SAUDI ARABIA	GFgAlTCNWGZU4Gyk9glu8uX2vZ	30-563-390-7858	 sleep blithely along the slyly ironic deposits. blithely permanent accounts nag. fluffily ironic accounts
10	Customer#000000010	114481.5651	2753.54	ETHIOPIA	6LrEaV6KR6PLVcgl2ArL Q3rqzLzcT1 v2	15-741-346-9870	es regular deposits haggle. fur
1118	Customer#000001118	114473.0494	4130.18	IRAQ	QHg,DNvEVXaYoCdrywazjAJ	21-583-715-8627	y regular requests above the blithely ironic accounts use slyly bold packages: regular pinto beans eat carefully spe
2005	Customer#000002005	113529.8801	-827.73	IRAN	RzXLgIlAKAgzzRNNzYMkP6ZscEkG	20-360-101-6891	 are furiously against the quickly express requests: final, regular excuses cajole quickly. caref
1729	Customer#000001729	113374.2148	6479.07	ETHIOPIA	qc3FBSbJHHDIEkku69mWsz,KO	15-361-394-6195	y even depths sleep silent accounts. evenly final epita
548	Customer#000000548	112753.1324	90.45	EGYPT	98nP31ToAGK tCCkYm7HqBZt0dLjy0JzlMMRCmkj	14-787-370-8722	c pinto beans. quickly even requests haggle against the blithel
571	Customer#000000571	112697.3284	8993.23	BRAZIL	hCrDDrMzGhsa6,5K4rGXQ	12-115-414-4819	le fluffily. ironic, pending accounts poach quickly iron
2107	Customer#000002107	112271.3211	1229.95	PERU	 4AWPXKe4aC3bYsTJvy49VcWZ,bR	27-285-327-1393	s. accounts believe final deposits. quietly pending deposits across the iron
352	Customer#000000352	112044.7966	6257.88	INDONESIA	HqhIE5GRTK0dFtWpJUQENU4aa1bwdsUBEWtzUw	19-906-158-8420	ts are. blithely special requests wake. furiously bold packages among the blithely eve
104	Customer#000000104	111369.7911	-588.38	IRAN	9mcCK L7rt0SwiYtrbO88DiZS7U d7M	20-966-284-8065	rate carefully slyly special pla
1115	Customer#000001115	110975.4540	-178.52	ETHIOPIA	Elvb2a3FinAzxw 	15-356-145-6356	ending instructions thrash blithel
1523	Customer#000001523	110815.9344	2921.13	GERMANY	  udI60hnJb0IMvB67xQFfkgamLpP2Bwynf5P	17-405-744-1455	oxes. slyly bold ideas snooze blithely. accounts sleep slyly agains
995	Customer#000000995	110808.8796	-341.79	JORDAN	5tCSAsm4qL5OvHdRZsiwSlVTdqPZws3f	23-272-700-1002	wake slyly fluffily unusual requests. stealthily regular pinto beans are along the slyly final dugouts. slyly 
1663	Customer#000001663	110038.6685	4085.85	MOZAMBIQUE	7PGRXPj1HXVQUbcL S2	26-507-387-2886	 slyly ironic deposits. daringly regular requests haggle slyly. ironic dependencies cajole furiously 
152	Customer#000000152	109109.7340	1215.18	INDIA	PDrllSkScKLh4lr19gmUZnK	18-585-850-3926	ously ironic accounts. furiously even accounts accord
2233	Customer#000002233	108983.9304	6167.15	IRAQ	7ZMH2dvERYe7,8	21-217-736-9562	s. carefully regular ideas after the final pinto beans will have to haggle blithely unusual pat
1271	Customer#000001271	108960.0005	1209.37	KENYA	S7fmHdkot3JAv	24-698-342-2768	efully after the slyly regular accounts. carefully ironic theo
2171	Customer#000002171	108391.8055	2920.40	JAPAN	ROtv1nBldJxYbzLr57qDL1u	22-873-746-3556	fily regular platelets. quickly fi
590	Customer#000000590	107766.0620	3993.54	INDIA	4sHhhAZWHYRxJVz0KRgjW9IlKu,55IuT	18-734-215-6394	es. regular dependencies cajole furiously blithely regular ideas. regular dependencies cajole carefully a
1789	Customer#000001789	107450.2739	6407.46	ALGERIA	lfHQVe9IPEKad	10-582-797-3122	he slyly express requests. silently daring packages sleep express courts! blithely pending foxes w
1237	Customer#000001237	107078.8040	8156.62	SAUDI ARABIA	 CQEeqR ,cVU7Bby	30-415-666-7691	the bold accounts wake blithely across the deposits
1747	Customer#000001747	106490.9625	1962.62	MOROCCO	xSJopUGOWIGwa2QJA9mbIzcLAA8OM	25-493-381-4100	furiously furiously ironic theodolites. stealthily reg
1126	Customer#000001126	106192.9210	3905.97	INDIA	8J bzLWboPqySAWPgHrl4IK4roBvb	18-898-994-6389	se carefully asymptotes. unusual accounts use slyly deposits; slyly regular pi
2128	Customer#000002128	105683.5404	4473.83	EGYPT	26p62fTXCshvg ,bA0Ba9Zvy	14-217-113-7074	leep furiously after the furio
1873	Customer#000001873	105627.7194	-201.93	CANADA	fvkv57 kYzsIjzXH9,csoT7smnh pObla4,	13-581-396-9191	yly. fluffily unusual theodolites among the ironic ac
418	Customer#000000418	105433.9810	1211.39	ETHIOPIA	,e0q82drO rgVHXHrJRQ0GDrRoUOl	15-826-508-1218	d foxes against the furiously special packages snooze blithely quickly 
337	Customer#000000337	104646.4362	-270.59	ALGERIA	EluRTlO4pE7u0XSKKyvKvVyt4sADWFRLZuiyn	10-337-165-1106	ld requests sleep quickly. carefully express tithes wake carefully ac
1774	Customer#000001774	104546.0437	2922.61	INDIA	5pstbh4XaxP91 ,wNQFbR	18-753-365-9994	furiously theodolites. blithely unusual ideas main
1799	Customer#000001799	104355.4309	2967.77	SAUDI ARABIA	07tCCGrmdFwcXYnolQabgAZW9yq	30-643-275-8135	requests of the slyly ironic instructions believe slyly regular 
1684	Customer#000001684	104263.3090	5928.82	FRANCE	7t,Vo69PIG3t,ncWkzoLCJ8A,V28nMkK	16-197-588-1571	d cajole about the ironic theodolites. fluffily special deposits about the enticingly blithe
466	Customer#000000466	104078.8056	3168.41	JAPAN	ZI1c8,ZanegEu5CEQxNf5,bkuYPwn7H7JIK7	22-280-738-3240	foxes. express, ironic accounts boost? carefully silent deposits engage. accou
2242	Customer#000002242	103749.5444	-523.30	INDIA	tspWnaJWmKYxltKgT611fIpQ91fPMBTric NijY	18-428-827-7827	ar ideas around the furiously regular dependencies boost carefully bravely regular packages. carefully regular 
853	Customer#000000853	103578.2854	-444.73	BRAZIL	U0 9PrwAgWK8AE0GHmnCGtH9BTexWWv87k	12-869-161-3468	yly special deposits wake alongside of
1444	Customer#000001444	103390.4487	-501.37	GERMANY	8WcsyfQU5svH9miWvYbSTH9	17-107-228-8125	inal platelets. quickly ironic requests do are carefully carefu
1312	Customer#000001312	103310.3123	9459.50	CANADA	f5zgMB4MHLMSHaX0tDduHAmVd4	13-153-492-9898	odolites wake always packages. slyly slow orbits lose. regular depo
572	Customer#000000572	103259.2032	7252.65	IRAQ	Nf4Yqb49BqGkzmmtf6	21-425-209-5033	leep. pending requests affix blithely. ironic theodol
1085	Customer#000001085	103230.0902	5275.88	VIETNAM	pZgtHRGIkUVwiEJLWZXs3KUNi6wLnQzJU1	31-831-702-3157	he carefully regular courts use special excuses. ironic deposits along the blithely even sauternes nag slyly
557	Customer#000000557	102845.2982	9559.04	MOROCCO	Nt6FUuDR7v	25-390-153-6699	furiously pending dolphins use. carefully unusual ideas must have to are carefully. express instructions a
937	Customer#000000937	102673.7060	668.51	UNITED KINGDOM	usrG6ohdPROyd98c9	33-869-990-3946	ickly alongside of the express, express ideas. sly
2186	Customer#000002186	102490.1330	4117.06	CHINA	Je64 rl00Ll1Snh9iXMgCoZdG9,KUyvlGDG8	28-965-394-4135	ithely regular asymptotes thrash blithely carefully regular foxes. furiously ironic foxes sleep blithely
220	Customer#000000220	102387.5642	9131.64	MOZAMBIQUE	TbUHVhkttz	26-201-301-7371	 even, even accounts are. ironic 
1816	Customer#000001816	102336.5028	2328.09	EGYPT	WemZ1IDB0sBS9yyqszdSxqRm8YtGGDme6 BW	14-307-306-8692	e deposits maintain about the furiously thin theodolites. carefully iron
1777	Customer#000001777	102225.0054	-535.08	UNITED STATES	54GpDEcWWIDVMRjP3	34-469-776-4539	ar packages? blithely regular instructions along the fluffily ironic theodolites believe ironically aro
628	Customer#000000628	102151.7470	4954.25	PERU	Vzraru5KbgcC3V	27-367-742-4090	l dependencies. pending warhorses haggle. fluffily final accounts slee
203	Customer#000000203	101372.3691	7960.63	ARGENTINA	2fRlubh lWRinCs1nimADdn	11-886-563-6149	 packages are. requests integrate regularly across th
274	Customer#000000274	101255.5428	4425.42	ROMANIA	adesXwNumnPqsKgsE1groEAwdKNgZ	29-330-389-1442	gular dependencies. ironic foxes haggle du
2200	Customer#000002200	101186.4067	299.39	INDIA	33gkVbYf2sW98Hi08 	18-773-887-7320	onic accounts haggle slyly. carefully special requests wake: thinly even decoys cajole quickly ironic excuses. pen
47	Customer#000000047	100826.1120	274.58	BRAZIL	b0UgocSqEW5 gdVbhNT	12-427-271-9466	ions. express, ironic instructions sleep furiously ironic ideas. furi
1142	Customer#000001142	100784.4340	3273.08	MOZAMBIQUE	b7ytiiX7E9	26-191-682-8920	doze slyly. furiously pending deposits cajole fluffily carefully pending packages. boldly regular
1015	Customer#000001015	100710.6254	6392.00	IRAN	RDJWEmcAk4GC8OT8WCsXB	20-134-926-5391	g courts nag daringly brave pains. blithely special deposits use blithely carefully c
538	Customer#000000538	99841.9446	-303.95	ROMANIA	u9jYEMPoKwrH5wXivkSebbxAx1PU	29-632-471-2852	uffily special requests nag around the quickly stealthy
11	Customer#000000011	99539.1540	-272.60	UNITED KINGDOM	PkWS 3HlXqwTuzrKg633BEi	33-464-151-3439	ckages. requests sleep slyly. quickly even pinto beans promise above the slyly regular pinto beans. 
841	Customer#000000841	99470.8425	884.20	INDONESIA	pSISKRxFIgVasW71fLyaEuODHZQLBfd6E c7jo	19-556-695-9964	ly. slyly special instructions wake. carefully even accounts sleep quickly slyly silent deposits. s
1751	Customer#000001751	99375.8669	3151.94	GERMANY	8KIBa2IJPXquMkWYLAccUT	17-460-999-8173	ithely regular, even accounts. unusual packages lose furiously; asymptotes nag si
1117	Customer#000001117	99046.7000	2829.07	UNITED KINGDOM	80NfzBRWj5tUUaRdnsFE7Eg	33-461-439-5684	 ironic deposits need to haggle furiously. furiously bold deposits use among the carefully ironic
127	Customer#000000127	98220.0619	9280.71	VIETNAM	Xyge4DX2rXKxXyye1Z47LeLVEYMLf4Bfcj	31-101-672-2951	ic, unusual theodolites nod silently after the final, ironic instructions: pending r
734	Customer#000000734	97743.0388	9750.71	CHINA	xULRxhbfzPT5nBh	28-880-175-5173	tions against the ideas haggle furiously quickly regular forges. carefully final requests solve even,
1975	Customer#000001975	97656.8564	8125.51	ETHIOPIA	XzyjsmoapfpiWPo fn	15-174-926-1370	re slyly against the unusual dependencies. slyly
373	Customer#000000373	97019.9703	2354.06	SAUDI ARABIA	2hrQ wHkbaNlJCzY,mVkugMIE 8ryNlaA3JHDTjJ	30-883-170-4010	requests wake blithely even packages. slyly ironic deposits haggle blithely 
1247	Customer#000001247	95412.3032	1696.95	ALGERIA	q5,Og3ezW3jSUtbwK 6qLJPqPwCwdL	10-386-173-3167	s against the quickly unusual ideas are blithely packages. accounts sleep quickly. regular
1886	Customer#000001886	95375.2292	9333.99	JORDAN	rEn7jolYiPkRQDuLU8lSbn	23-315-177-8462	ar pinto beans sleep even deposits. slyly special requests are. express platelets snooze blithely 
2014	Customer#000002014	95284.3082	2183.31	BRAZIL	9h6q AmXz1tebZ5DFZQal1FrA0T,S1g	12-508-570-5979	ing requests integrate about the quickly even ideas. fluffily iron
1204	Customer#000001204	95249.1682	9777.19	SAUDI ARABIA	QxpCVhq2x0PwW,zgZ AEuFkgb50ryGM	30-117-472-8751	ily final instructions. pending foxes detect doggedly accor
155	Customer#000000155	95177.6905	5902.85	ALGERIA	l,sSphiStMgdrxpxi	10-566-282-8705	 sleep ironic, bold requests. regular packages on the quiet dependencies
421	Customer#000000421	94648.3140	7073.17	JORDAN	it3mUlkZAe9J8gmy	23-918-228-2560	lithely final deposits haggle furiously above the
977	Customer#000000977	94597.4041	311.00	BRAZIL	JcKxPwHPM7akg5IiCs,ZVAfO73KE3	12-602-807-5055	lly against the busily unusual requests! busily even requests haggle blit
1796	Customer#000001796	94280.3336	7327.39	IRAN	HGRGXJA8AwhfBNSyDNn8j3JMvbIwPUKjPTcvKBLs	20-905-459-3952	ironic, regular accounts haggle care
697	Customer#000000697	93489.8957	8121.84	EGYPT	LFwdGCTUYDenZGoA9	14-613-651-2263	he regular pinto beans. courts cajole carefully according to the blithely even theodolites. quickly
1345	Customer#000001345	93424.6959	8593.83	INDONESIA	31zcobEB,6Li4YDZbnNX	19-913-651-7783	of the express, express packages. final requests detect to the regular accou
1394	Customer#000001394	93195.3974	2233.10	CANADA	eE8wv lYYKLXB	13-580-581-6470	regular accounts cajole never above the even, final instructions. furiously regular foxes wake unusual requests. ca
1091	Customer#000001091	93178.3748	-710.53	PERU	4ye7wJ3gU92RZCpwTtDi8Ws,	27-336-955-4882	y. carefully ironic excuses sleep quickly fluffily even requests. fi
1157	Customer#000001157	93144.0924	6013.09	SAUDI ARABIA	3rchTZwilGpffMz1MfpnkFfWBtOIdgmvvS1E7sJj	30-741-794-9826	equests. deposits cajole quickly slyly spe
305	Customer#000000305	92875.5849	4356.59	IRAQ	x8kcl,R4Wk	21-250-654-3339	nts. even, regular courts nag. dugouts use blithely a
1432	Customer#000001432	92753.4815	6314.25	VIETNAM	,pbQM2fi642oAuel	31-831-635-9758	ts sleep. regular frets sleep carefully ironically special dolphins. carefully bold pinto beans
440	Customer#000000440	92431.5360	1809.04	CANADA	w4fKMgiBuGmV,nLn7NgJl1DoUWwNQMV8z  5,R	13-244-480-5751	 even theodolites: fluffily final requests cajole about the quickly regular
484	Customer#000000484	92341.5941	4245.00	SAUDI ARABIA	ismzlUzrqRMRGWmCEUUjkBsi	30-777-953-8902	y against the express, even packages. blithely pending pearls haggle furiously above the fur
2099	Customer#000002099	91941.4958	9360.41	EGYPT	Yk8,47BPzunL09hU7qAlrKaKijWC	14-775-409-8894	onic pinto beans. ironically pending deposits
1882	Customer#000001882	91894.2267	5785.07	CANADA	U3c UftfresD4TjzRl8F	13-454-520-9987	uickly regular, final accounts. furiously special theodolites cajole 
2245	Customer#000002245	91709.0813	6752.92	MOROCCO	dJEcTD4yw2WyDjIjaDXZr1DmzH	25-497-699-5343	s ideas cajole blithely slyly even decoys. dep
439	Customer#000000439	91685.0448	-61.29	KENYA	3deBblz2syRv8yMf0yAVKkE4mDH20uDRj4tJVHUm	24-873-368-6801	ions may impress thinly for the deposits? even packages towa
1972	Customer#000001972	91455.4106	689.12	GERMANY	0XaaQuagZ1K9E63qlSw5SBk	17-991-532-5136	ckly. regular, pending pinto beans solve around the blithely exp
1768	Customer#000001768	91409.6016	5356.96	PERU	kId4M 0RG9dW9Po	27-746-769-7890	s. carefully even requests are. spe
52	Customer#000000052	91225.7602	5630.28	IRAQ	7 QOqGqqSy9jfV51BC71jcHJSD0	21-186-284-5998	ic platelets use evenly even accounts. stealthy theodolites cajole furiou
1549	Customer#000001549	91005.4966	7050.56	UNITED STATES	Bm8PVyaAYfS0IFPhkXiVGL	34-263-284-6757	sts about the quickly unusual dolphins integrate quickly slyly silent platelets. quickly final instructions
611	Customer#000000611	90832.4228	4272.43	ROMANIA	E1dtWGHE7NrLfnSKLPFU	29-924-242-5243	inst the slyly final accounts. final packages wake after the even pinto beans. carefully
1798	Customer#000001798	90770.0112	6072.64	GERMANY	fOQAhX8wjDFg8tpeOa L ZdgFlOC69bvmZE	17-422-203-8428	hely about the carefully bold deposits. quickly ruthless warthogs w
1648	Customer#000001648	90576.3389	2389.14	UNITED KINGDOM	e3oTXQ7OOTzwcRFXr	33-718-723-5373	d sentiments eat carefully unusual instructions. unusual war
1622	Customer#000001622	90130.0375	9617.34	ETHIOPIA	HEfEM41ad6Tar1EH526Q9cxe3Pi	15-120-999-7103	e requests-- carefully bold packages are. 
145	Customer#000000145	89575.8372	9748.93	JORDAN	kQjHmt2kcec cy3hfMh969u	23-562-444-8454	ests? express, express instructions use. blithely fina
679	Customer#000000679	89006.2366	1394.44	IRAN	IJf1FlZL9I9m,rvofcoKy5pRUOjUQV	20-146-696-9508	ely pending frays boost carefully
673	Customer#000000673	88158.9300	3942.58	EGYPT	Q2S9DoW6mQN5iQ0A8DxD6UxNmPZky	14-769-230-8609	ons will cajole blithely. always even packages dazzle blithely across the regular, unusual 
1901	Customer#000001901	87766.0758	2749.93	UNITED STATES	TJVv IWFTUUp ihC 7mzH,ru5s0J9Xb	34-736-824-5989	s use. express platelets beside
1466	Customer#000001466	87468.6310	1268.69	PERU	Fdm3uYarZ0Tnnh9R	27-360-496-5041	nts along the blithely bold instructions boost carefully after the unusual depos
176	Customer#000000176	86959.4724	-375.76	JORDAN	9hBepY2uz88HlCqToOLgeU770u81FeL	23-432-942-8830	uriously. final requests sleep ironic packages. quickly
1268	Customer#000001268	86800.1380	5152.42	UNITED STATES	SHn6HpO2VXBw3RJFPxjQFGanrsndRwRR2LWdm	34-973-735-5374	y pending accounts! blithely unusual ideas wake alongside of the regular, f
1412	Customer#000001412	86795.9660	6368.38	IRAN	gfsI6WU i7kYypv09gGIqUFrUod9uhb	20-715-510-2804	fully regular accounts print ironic, regular platelets. deposits promise slyly. express, ironic ideas 
1580	Customer#000001580	86708.4509	5587.12	JORDAN	Uc5lBMkU8F1zW56P Bo,8fbVlyCKs	23-651-166-3240	ts before the ironic packages sleep furiously regular, bold dependencies: dolphins 
271	Customer#000000271	86282.9333	1490.35	FRANCE	O,HceV3 XE77Yx	16-621-282-5689	ly pending deposits cajole slyly sl
1484	Customer#000001484	86259.6846	4883.17	CHINA	WcOint654aJStnQWSgAAtI	28-987-505-1842	s against the furiously special packag
610	Customer#000000610	85589.9719	3374.92	IRAQ	Fo8RfPq1kgzD 0	21-782-663-7023	uriously final deposits against the deposits detect alongsi
551	Customer#000000551	84810.3792	-334.89	MOROCCO	holp1DkjYzznatSwjG	25-209-544-4006	y special ideas. slyly ironic foxes wake. regular packages alongside of the deposit
1615	Customer#000001615	84728.0149	1764.25	CHINA	AWqpPsmhK,yirQmha	28-449-655-8989	egular packages. carefully express ideas wake fluffily fluffily idle deposits. furiously final dinos n
1328	Customer#000001328	84532.5240	3264.99	IRAN	fjKlKFyxTQRJjLeT1Md	20-305-428-9878	 deposits haggle ironic, bold packages. quickly unusual packages print furiously care
670	Customer#000000670	84189.4940	6738.93	BRAZIL	RJtcLv6Tjpx	12-839-426-4266	y unusual deposits are carefully regular foxes. packages dazzle carefully. furiously unusual d
1717	Customer#000001717	83892.8680	1715.40	CANADA	HufIAAW0Xbs3qoYpAVxk4KKvm,F	13-450-115-4347	s doubt. blithely silent accounts try to haggle: blithely ironic pinto beans boost furiously. carefully unusual a
1046	Customer#000001046	83890.7807	2311.00	IRAN	umgqzlyUW3AYz2C39YMhIgf	20-890-161-8958	 accounts. carefully regular theodolites run fluffily carefully e
859	Customer#000000859	83410.2661	6737.18	PERU	yp6dlWnpbzQboP5Xj8W	27-379-135-4463	uffy foxes boost about the eve
2221	Customer#000002221	82825.8894	2815.89	ALGERIA	mlpYxN6O72y	10-837-448-2159	ithe packages. pending ideas cajole around the evenly regular waters. furiously u
2032	Customer#000002032	82616.6096	3205.57	FRANCE	2mSGIF1ViqXG54rOdkMeNzKOTrdresMwu	16-147-618-6671	special foxes haggle above the blithe
1825	Customer#000001825	82419.2776	8447.18	INDIA	,E8l78G7k,u0eGXu,sGU1fta2Lg	18-969-538-4715	ing to the slyly silent deposits. 
1567	Customer#000001567	81940.8954	7209.94	UNITED STATES	D XMRaJOpRqLttO8yiMZ4tYU1L2nUr	34-146-945-2364	thely ironic ideas. ruthlessly pending sauternes are furiously enticingly regular pinto
1969	Customer#000001969	81434.0550	6864.72	IRAQ	F7fcrNnwmFLr2fXyi58	21-978-965-1419	ckages sleep carefully. never bold instructions are even, final ideas. fluffily even id
1226	Customer#000001226	81275.7022	2135.92	ALGERIA	HKR1zog fXW	10-251-221-9440	ns. furiously pending packages hinder special accounts. sl
1867	Customer#000001867	81265.5656	6470.11	ARGENTINA	72gC1ZTlzFNQy9CvFosWzE	11-951-119-6203	final instructions are according to the carefully final accounts. caref
91	Customer#000000091	81147.7680	4643.14	INDIA	S8OMYFrpHwoNHaGBeuS6E 6zhHGZiprw1b7 q	18-239-400-3677	onic accounts. fluffily silent pinto beans boost blithely according to the fluffily exp
844	Customer#000000844	80912.8224	2954.90	IRAQ	1nUzjsH9HS1sPAGLwDIom9IESivLeEh1BvyynjU	21-285-410-4046	ymptotes. ironic, unusual notornis wake after the ironic, special deposits. blithely fina
1813	Customer#000001813	80537.7574	9074.92	CANADA	xEoR4tsV2Bse527UyeFO8aFhmZ	13-604-485-5526	luffily ironic requests doze carefully after the express packages. slyly regular excuses sleep slyly carefu
1888	Customer#000001888	80035.5420	-861.72	ETHIOPIA	3psgNE6QfX,Iw2xTWauq9yL9EkSiD1fAUMXfXu8k	15-757-359-6861	ntain ironic foxes. unusual accounts sleep quickly. quickly regular accounts are blithely. fin
1051	Customer#000001051	79670.6892	9776.39	BRAZIL	iHS,UFudVOOe	12-869-221-1428	cuses boost furiously silent deposits. quickly silent requests integrate quickly bold asymptotes; slyly regular ide
1292	Customer#000001292	78432.2050	5509.11	VIETNAM	QVr2XTDOMzWcLKHtNgrLK	31-966-407-1575	haggle. special foxes sleep blithely
950	Customer#000000950	78171.6798	9609.77	MOROCCO	mi3o6cp47mo8Miqh9d R1XWStjxatcQqHQZW	25-849-760-2017	s wake quickly after the carefully brave multipliers. regular excuses wake care
1486	Customer#000001486	77885.7505	5859.97	UNITED STATES	7A2MhrNtsA	34-559-605-2237	lithely ironic dependencies haggle quickly b
17	Customer#000000017	77633.4650	6.34	BRAZIL	izrh 6jdqtp2eqdtbkswDD8SG4SzXruMfIXyR7	12-970-682-3487	packages wake! blithely even pint
1264	Customer#000001264	77390.2386	3959.28	MOZAMBIQUE	vC1Yg5q O9  Tt5SM7OF	26-617-707-6647	y, regular requests above the fluffily special deposits engage around the furiously
707	Customer#000000707	76869.4330	2619.52	VIETNAM	DT0nzkijELHyI	31-796-903-4461	 the deposits. fluffily ironic pinto beans wake quickly. slyly even foxes sleep slyly quickly final deposits. ev
757	Customer#000000757	76397.3649	9334.82	CANADA	VFnouow3LhLvEDy	13-704-408-2991	riously furiously unusual asymptotes. slyly
85	Customer#000000085	75981.7812	3386.64	ETHIOPIA	siRerlDwiolhYR 8FgksoezycLj	15-745-585-8219	ronic ideas use above the slowly pendin
1168	Customer#000001168	75958.6560	6194.65	PERU	gmAnpwPPg0LX4	27-608-883-2632	ses run according to the regular instructions. slyly regular foxes around the furiously ironic theodolites use fl
1034	Customer#000001034	75561.8485	7349.82	ETHIOPIA	Fn5qqb64TSKuJWz4f8GpPkF,c3WY3yqjsV,GgHu	15-370-179-6631	bout the ironic requests-- packages wake. requests haggle silent, 
1987	Customer#000001987	75551.4506	796.96	ROMANIA	lWwjammTGaKVKq9npAtfs3	29-745-306-2348	s. blithely even pinto beans boost always about the doggedly bold requests. regular requests use. 
1667	Customer#000001667	75337.1546	4649.03	MOZAMBIQUE	aEGS4v41BVwqZylqNvPj	26-528-257-9769	nments; unusual deposits wake according to the regularly unusual deposits-- fluffily express requests sl
1280	Customer#000001280	75250.9095	3419.66	MOZAMBIQUE	3AmBFWaqOYt7F	26-725-573-7255	eodolites sleep according to the theodolites. slyly pending dolphins among the pending, express platel
2056	Customer#000002056	74771.8560	3643.72	VIETNAM	3kZTqpg,OCDzDD5	31-126-880-5771	ubt. instructions haggle? carefully express deposits hang fluffily quickly final requests! excus
2234	Customer#000002234	74388.2965	7384.68	GERMANY	ehAH9Q09KqzeQChcFYaOInf64fHl	17-181-909-1832	ic requests according to the blithely express platelet
872	Customer#000000872	74254.5000	-858.61	PERU	vLP7iNZBK4B,HANFTKabVI3AO Y9O8H	27-357-139-7164	 detect. packages wake slyly express foxes. even deposits ru
1102	Customer#000001102	74154.4636	2369.01	UNITED STATES	F9fxZhJJhaR0P4Rgd7SE2PA58x	34-103-353-4822	elets. regular requests sleep quickly. express ideas haggle. bold, regular ideas haggle. quickly regular accoun
2236	Customer#000002236	73977.5835	-968.87	ROMANIA	x8 7D8xSxqIGoVOlqVCEBflsLXwKewpGMv,V	29-962-402-1321	totes. quickly even instructions boost blithely regular packages? carefully final foxes haggle slyly against the s
1120	Customer#000001120	73607.8500	1543.64	BRAZIL	UAG90slCmJS7JOP AhlV12tYD3yUiyB1p2hxZ	12-938-579-7156	r theodolites boost. slyly final pinto beans sleep blithely unusual accounts. fluffily even multipliers 
2212	Customer#000002212	72774.0724	5151.33	BRAZIL	xrCTkFuEVvNALyyKIe6m	12-772-169-3141	ss orbits use quickly regular excuses. carefully even warhorses boost furiously. pl
1492	Customer#000001492	72316.4400	-875.17	ARGENTINA	2QNz4Zy0UjjI	11-527-949-4092	 blithely even accounts. furiously final instructions across the decoys cajo
626	Customer#000000626	72229.8375	5447.12	ETHIOPIA	PDeE61VY2Q96efuewIZ	15-540-121-5663	t brave foxes. slyly pending packages wake furiously along the deposits. carefully pendin
1618	Customer#000001618	72149.2848	7795.47	JAPAN	efEU9gOnX05FfeJAyNMup	22-326-603-9101	refully pending accounts haggle furiously dependencies. 
2213	Customer#000002213	71901.1170	6416.07	RUSSIA	5CqorD39PD	32-153-558-2484	are blithely express theodolites. quickly even excuses above the furiously even deposits integrate blit
1378	Customer#000001378	71797.8396	2675.73	PERU	zDULZOX6KrHF6aL1AMsIg0Ivv4Crz	27-806-173-2824	ges haggle slyly alongside of the furiously final excuses. carefully regular foxes boost across the regular, ex
23	Customer#000000023	71479.7982	3332.02	CANADA	OdY W13N7Be3OC5MpgfmcYss0Wn6TKT	13-312-472-8245	deposits. special deposits cajole slyly. fluffily special deposits about the furiously 
842	Customer#000000842	70956.3699	8635.49	ALGERIA	stRBRwdFCkdN	10-272-126-1413	 silent pinto beans. bold, pending platelets sleep furiously express theodolites. fluffily express reque
718	Customer#000000718	70591.1158	8438.40	SAUDI ARABIA	w,GXCSSI4NEHAFPKG	30-605-635-8197	 regular packages-- pinto beans detect ironically. furiously even accounts detect unusual, pendin
839	Customer#000000839	70506.7113	2924.78	RUSSIA	Ch8 wZk5UKK45BSq1uZLJL0Z A8UUoms	32-435-825-7973	 close accounts. unusual pinto beans sleep quickly slyly bold instructions. blithely unusu
1556	Customer#000001556	70398.5646	1462.44	IRAQ	0KThJm1X9rQH3Me,EI2QW8HzrUKnsU,gvw9BwzN	21-170-549-6376	coys wake slyly along the ironic pinto beans. evenly ironic requests use quickly. final packages are slyly. dolph
229	Customer#000000229	70058.0928	7568.07	ARGENTINA	Sbvjxgmwy4u6Ks1FH7lxo7toMmeU5dG	11-243-298-4029	bold accounts haggle furiously even deposits. regular instruct
1448	Customer#000001448	69676.6416	7756.35	UNITED STATES	a45QD J55bo35zA4qR3v	34-969-612-1458	y ironic instructions? slyly pending platelets hang quickly slyly ironic ideas. blithely ironic instructions a
1673	Customer#000001673	69397.7400	5714.73	CANADA	uQi2r9akwS4LNd7XQEa	13-713-161-3704	 slyly. dolphins wake carefully even deposits. quickly even dolphins grow slyly. express, regular deposits 
733	Customer#000000733	69364.2860	4351.09	JORDAN	Ks7Ed2g7zDP905tLGdGcFtomDNchNdaPK2cd	23-110-948-6754	 furiously. pending, quiet packages nag slyly. stealthy pinto beans haggle 
2131	Customer#000002131	69324.0000	9257.20	ALGERIA	saLmcPh12Go0FtvAo52AWxRj6Cm4l7d 	10-360-220-3293	e slyly. furiously pending ideas after the slyly ironic requests nag slyly brave packages. carefully
1195	Customer#000001195	69076.6527	9621.49	EGYPT	71mmXvaWKf	14-355-801-7486	l, regular gifts should have to x-ray blithely fluffily ironic
1060	Customer#000001060	68950.1184	2840.59	INDIA	aWJkU6JJJOvgaKPOAJJc	18-290-794-6133	ter the bold, regular ideas! deposits eat. daringly unusual theodolites sleep alongside of the regular, fina
1568	Customer#000001568	68263.2720	-576.58	RUSSIA	uOMsOfJ0raeSGqW9PMPs1sL5D pcO,fUaYsY6	32-780-340-3819	ts sublate carefully ironic orbits. final, even accounts sleep toward
1213	Customer#000001213	68155.4784	8555.12	GERMANY	4ATLYSTcqLfgAJLxL7U	17-548-151-7684	ong the deposits. quickly express deposit
286	Customer#000000286	68014.5976	-109.73	RUSSIA	7 7uVDrpkWuozyEd	32-274-308-4633	ly special accounts haggle slyly slyly fluffy req
1952	Customer#000001952	68000.4841	8620.01	CHINA	sZvM,CF54wYyQGhSuFVe	28-102-243-6615	y express pinto beans sleep carefully carefully regular pinto beans. fluffily final accounts 
1706	Customer#000001706	67901.8400	455.15	BRAZIL	FBx04exFTAFFRA3G,UR9Q2XSM1c8Uopaal2rEFv	12-442-364-1024	 beans after the ironically pending accounts affix furiously quick pla
667	Customer#000000667	67742.3784	3288.76	FRANCE	oQqeEC,OD9XC1JXyOsHqcpv0fPUdP9ek5KKb70tQ	16-917-453-2490	lithely about the furiously sil
1162	Customer#000001162	67499.0860	3139.71	BRAZIL	b5N12h9D6yJemoVx6OQf0uL	12-887-115-9986	refully furious packages. furiously ironic ideas against the carefull
1807	Customer#000001807	67425.6324	1720.94	FRANCE	jlGhIS6zaYIfu9tWFHAyDKVQpOvIluJ1RunV3X	16-707-959-9348	 slyly final pinto beans sleep furious
685	Customer#000000685	67105.8624	2039.84	PERU	eRvmYOdl5v	27-269-224-9902	nusual ideas. pending packages use carefully. slyly special sentiments cajole after the blithely even accounts. blit
1739	Customer#000001739	67097.2365	8526.70	JAPAN	lhga8XGNRXPfJTotgUTn5qc4ush	22-216-512-8595	ut the fluffily regular foxes. regular accounts haggle. special deposits affix carefully. even, final
940	Customer#000000940	67088.3616	253.59	ROMANIA	T7ROXBXdajS,vkwy3VuC8wNvA	29-958-573-1004	ent accounts. slyly even accounts breach across the dolphins. quickly regular pains dazzle carefully. sl
1403	Customer#000001403	66809.6968	9782.34	JAPAN	,ql804gtMc3uxTfP,lt4yRBWQ	22-458-624-2509	tes are blithely carefully bold pac
1780	Customer#000001780	66544.1560	5137.48	PERU	ZIeOfVh8umRYig	27-213-387-3335	patterns use carefully about the slyly even foxes. furiously regular excuses about the furiously careful packages af
428	Customer#000000428	65767.3866	1952.36	VIETNAM	TCVjlzbX7x,kWcHN33LRdEjO38mAGmPR	31-587-557-8211	furiously quick accounts. slyly bold dependencies cajole carefully. quickly even requests int
967	Customer#000000967	65084.9474	5710.41	UNITED KINGDOM	xKdAl6HSWvAmptzHgQHX3cMmxZDhfyrMqx	33-687-917-3598	iously quickly silent ideas. blithely pending pinto beans except t
40	Customer#000000040	64815.5520	1335.30	CANADA	gOnGWAyhSV1ofv	13-652-915-8939	rges impress after the slyly ironic courts. foxes are. blithely 
1786	Customer#000001786	64277.9550	-51.99	FRANCE	pZAHd2LxDUbgcS1WQBN4vvoR5BeNpckOkl7DhG9	16-436-900-4501	nts sleep among the quickly regular excuses. slyly even 
232	Customer#000000232	63899.1726	554.71	RUSSIA	oA9o,3YOXu2rzKONdd,cxpqCFXUv5kuxBYKp	32-283-563-2674	ges sleep. final, bold theodolites are quickly final packages. furiously ironic packages are slyly fi
1661	Customer#000001661	63836.1360	1760.90	ALGERIA	IRXXgB,YgRc078y2i1C,87 1wZ	10-582-676-4365	s. ideas play slyly slyly bold theodolites. furiously ironic packages na
1871	Customer#000001871	63688.5814	9528.08	MOROCCO	,B2hG X848Trk9SZ	25-329-168-1291	y express excuses. furiously regular warthogs integrate quickly after the regular packag
1096	Customer#000001096	63620.9556	3687.37	EGYPT	ldbo6AfnCRjFW8rZnvG6UxbX6o7ISAJRDD7	14-368-827-9896	lyly even asymptotes cajole furiously. regular, ironic theodolite
2134	Customer#000002134	63271.2168	6300.38	INDIA	ji1MM5rE802W3RuV2007	18-727-586-9373	press, final frays affix about the slyly bold packages. regular ideas w
794	Customer#000000794	63161.7088	1709.50	UNITED KINGDOM	RMY8 LyGnJ67NGc5cxPYiIDSF	33-633-470-5945	gular patterns cajole slyly blithely final ideas? furiously unusual courts wake among 
505	Customer#000000505	62601.7630	6557.51	BRAZIL	MAUkwAyEvg61RlCMomspMs0WzYa,Ns	12-530-647-8313	mptotes haggle around the theodolites. furiously bold accounts detect quickly packages. special pinto beans 
865	Customer#000000865	62330.0949	3016.38	INDONESIA	UIv4t5cbA7j1ftOSatj2EKah3p	19-245-153-1471	nic deposits print blithely slyly final accounts. special, express accounts are fluffily a
511	Customer#000000511	62047.0432	4571.31	JORDAN	lQC9KfW W77IYtJjAgSZguNzxjY rYk3t6lcxfSh	23-247-728-9743	he slyly close deposits. special, ironic ideas detect furiously carefull
2095	Customer#000002095	61987.8530	-774.65	ARGENTINA	0 OueqmMRWmYNpHdPalFulibt	11-532-817-5775	into beans. carefully regular theodolites sleep above the carefully final asymptotes. theo
380	Customer#000000380	61738.7225	2755.46	VIETNAM	n2w3Jd1bipwICbOVgrELzcNRexmWSklo	31-538-493-4229	riously special accounts. slyly final accounts sleep; blithely special requests integrate carefully slyly en
1640	Customer#000001640	61632.0300	2622.28	INDIA	lGeZbMEg03r24lUuK	18-270-772-6060	 regular packages are slyly among th
1591	Customer#000001591	61092.4164	7470.70	INDONESIA	ZLJNTInWmiv9a1	19-142-875-7741	yly final foxes should have to use carefully. even, bol
788	Customer#000000788	60996.0804	-330.69	MOZAMBIQUE	LbFHoDpNUSu3AyDS7KLgjoQBJV	26-388-689-9272	. unusual packages against the 
1070	Customer#000001070	60796.2408	3160.23	MOROCCO	m0sYmeYs5wLydSS qw542Et32	25-894-843-9171	 carefully across the express foxes. carefully special accounts ca
2098	Customer#000002098	60768.0794	1390.16	SAUDI ARABIA	W50GYT0hAC	30-828-685-6616	ke blithely across the fluffily express Tiresias. packages about the bold, regular excuses wake
2062	Customer#000002062	60694.4547	9806.43	IRAQ	N5AF1iadNkk 5	21-904-746-8576	 boost ironic, regular sheaves. bli
1849	Customer#000001849	60619.5946	6259.04	RUSSIA	vRc6mWLRoRf2ElUvz9byqx2Vt	32-730-179-7629	ckages. bold epitaphs maintain slyly alongside of the carefully exp
1079	Customer#000001079	60305.5008	2135.91	ROMANIA	cOyd7wsHIQq2LNN	29-699-930-2250	ter the express foxes nod slyly excuses. slyly speci
442	Customer#000000442	60301.2240	4157.00	ARGENTINA	rvgayfJFLO2cjzMA	11-240-523-8711	lets would affix fluffily. regular, regular ideas ought to haggle carefully blit
664	Customer#000000664	59957.3192	8878.22	MOROCCO	viRe1P6HiyL4LXpU7HPwu	25-329-655-5068	yly ironic requests cajole pending pla
722	Customer#000000722	59908.6670	2724.80	SAUDI ARABIA	aymiuXFyrALTRIzfbLDvtaj37ydq	30-633-109-9587	leep sometimes express accounts. regular theodolites wake quickly ab
544	Customer#000000544	59848.1436	4974.68	ETHIOPIA	Jv7vcm,oE,HEyxekXKia1V5H1up23	15-572-651-1323	bout the packages integrate above the regular instructions. regular ideas hinder s
2074	Customer#000002074	59705.3682	4568.86	JAPAN	kTgHVj1P4ZEw0UxWITP16uvqCe7nZtKCCCz7FLl	22-131-962-5877	 cajole across the express, ironic deposits. foxes run blithely. blithely regular accounts are alongside of t
394	Customer#000000394	59672.0064	5200.96	UNITED KINGDOM	nxW1jt,MQvImdr z72gAt1bslnfEipCh,bKZN	33-422-600-6936	 instructions. carefully special ideas after the fluffily unusual r
1855	Customer#000001855	58456.9138	9936.71	JORDAN	REHQRPduxffKW5vE8Laf	23-239-487-1955	nto beans cajole. pending packages nag quickly according to the packages. s
1078	Customer#000001078	58020.6663	70.93	ROMANIA	ZjRzAz8QbEeIkJxrUI,b	29-729-692-6790	onic requests wake slyly furiously final attainments. ironic, even accounts cajo
1627	Customer#000001627	57909.1450	1673.17	IRAN	RV5yXOOv0tjeqxIoRtIw9lKU3UK	20-566-949-4093	fully after the blithely regular warhorses-- quickly even
2179	Customer#000002179	57434.5015	487.99	ROMANIA	WNMty4 L,UQ6cFmcLhhxZs2d0Vq3,vnLbrCCQ	29-733-189-2355	 carefully blithely final packages. fluffily regular accounts haggle fluffily carefully even packages. fluffily bu
1868	Customer#000001868	57261.2000	6150.48	BRAZIL	kD u32wkAhHa FvvBM,y6oJVpfZQDcuDBQ	12-347-925-5872	onic, final ideas haggle blithely excuses. slyly regular ideas across the carefully bold dolphins cajole sly
674	Customer#000000674	56919.2625	7889.64	ETHIOPIA	GLZCUQrtiNTrPKdK 0O86ZF	15-543-819-4391	ites cajole ironic accounts. regular, ironic gifts nag furiously against the blithely express deposits; unusual, 
620	Customer#000000620	56802.1557	5795.15	INDIA	3ztw9KQqKGNsiMM,I1 6g2f,u2Pm5LhlSEe8ZK1k	18-466-916-8135	ructions boost furiously among the slyly final dolphins. regular, regular ideas w
1607	Customer#000001607	56034.4050	1543.75	UNITED KINGDOM	JrtvTEYpFdqK68WSabydH6dz9Opj6X5orhrIYeHY	33-529-928-4089	ites sleep furiously quickly pending somas. fluffily special
1582	Customer#000001582	55841.6004	7119.80	IRAQ	Tw 9wNgPjMmsy1brAYW0	21-998-418-6615	even accounts. quickly brave deposits haggle.
1456	Customer#000001456	55805.2800	6123.69	JORDAN	zKDB5elqlAQoUQp	23-171-834-8997	unusual accounts wake. even, ironic packages wake carefully. regular p
2150	Customer#000002150	55799.9064	5725.37	ETHIOPIA	dfMUWejdM,MYKrj	15-847-344-2685	slyly instructions. quickly final packages sleep carefully furiously special de
2053	Customer#000002053	55292.0247	776.51	IRAQ	0hqMRM0 DE,l49ru4BjFNQuN,KpW0	21-907-645-7902	 fluffily pending requests. requests cajole furiously above t
1981	Customer#000001981	54531.9639	3283.90	JORDAN	wctyYavWwznYKAs4	23-867-283-2614	ding to the blithely bold deposits. ironic packages detect blithely deposits. regular, specia
1049	Customer#000001049	54453.0492	8747.99	INDONESIA	bZ1OcFhHaIZ5gMiH	19-499-258-2851	uriously according to the furiously silent packages
175	Customer#000000175	54352.0593	1975.35	IRAN	8YK1ZyTqoY3wMWnExl4itPMLL793GpEZb6T	20-427-617-9922	ly final platelets are final pinto b
1390	Customer#000001390	54158.3484	3931.31	IRAQ	fQm,RnwO4Tt PMQIB	21-978-977-8988	ress platelets poach carefully above the slyl
34	Customer#000000034	54037.6536	8589.70	MOROCCO	Q6G9wZ6dnczmtOx509xgE,M2KV	25-344-968-5422	nder against the even, pending accounts. even
1513	Customer#000001513	53642.4166	8434.13	IRAN	CkEgq3Yvj9kGkHvVeUELT1UP9HBnHwiEIFzRWNTA	20-670-367-4252	y regular accounts cajole blithely
448	Customer#000000448	52809.1200	8117.27	UNITED STATES	BH4vtnDpabk0NgoGNJWu4OUXnidfJ	34-985-422-6009	unts. final pinto beans boost carefully. furiously even foxes according to the express, regular pa
800	Customer#000000800	52763.2059	9443.39	KENYA	mpI6pkdnWLZsBbQi4,uUC5Y3TcM9vmRIgZelrQ	24-555-630-2261	ly alongside of the carefully ironic deposits. blithely ironic packages are blithely agains
461	Customer#000000461	52695.1516	9177.63	VIETNAM	5vxNLzSASzkbrUr8CRf5	31-533-226-4307	sits breach blithely. slyly regular ideas haggle fluffily; special ideas cajole q
1006	Customer#000001006	52588.4450	7447.99	JAPAN	Q46palcsa4KwAMhPS	22-364-780-5932	equests. regular pinto beans sleep furiously express, ironic accounts. special,
1502	Customer#000001502	52583.5072	3361.88	JORDAN	FIsFVFApqxzRHQrRjAlODHWTDZc35,BD0c7CuyVy	23-873-733-3833	 carefully express requests. quickly even in
1544	Customer#000001544	51750.4320	2204.41	UNITED KINGDOM	R,hoHFlkusJ,1Kts,0QEixg	33-132-882-2925	ular deposits. final, regular accounts nag carefully quickly regular pinto beans. unusual, unusual theodol
2249	Customer#000002249	51670.7200	1195.46	UNITED STATES	tK9SzYJbvDExk2lzVaskFwhRM omLz0sb6JZr	34-975-494-5874	ts. slyly regular excuses wake carefully. accounts haggle against the slyly unusual ide
259	Customer#000000259	51399.4015	3335.29	ETHIOPIA	kwh9i86Wj1Zq14nwTdhxapIkLEI	15-907-674-2046	furiously unusual instructions. s
257	Customer#000000257	50951.0456	-339.85	GERMANY	LyIa26EXYaSU	17-816-687-2155	s cajole quickly along the ironic pinto beans: even, regular foxes are 
506	Customer#000000506	50843.9057	1179.85	JORDAN	dT kFaJww1B	23-895-781-8227	 idle instructions impress blithely along the carefully unusual notornis. furiously even packages
2029	Customer#000002029	50513.0700	4145.35	FRANCE	JfurrIFJzbRzePjYrzrTFw1Sbl	16-989-498-3304	 ironic, final dependencies about the sometimes even requests haggle slyly special, final excuses. carefully ironic
476	Customer#000000476	50248.2795	5973.10	BRAZIL	68r87HCBbQkVYaVfes8mgKs	12-996-628-9902	sly. carefully quick instructions sleep carefully deposits. final, pending pinto beans use closely fluffily final in
1255	Customer#000001255	50238.1200	6487.71	KENYA	UC6I32JjBU62t4WgDe e2pDYbuM3VAt4MPM	24-359-633-2713	s deposits sleep. blithely ironic dependencies wake. blithely even theodolites sleep. blithely 
1240	Customer#000001240	50170.9824	5439.44	EGYPT	XbvhyAXRkuujtESRmxeD9eQpYSkiCa	14-650-555-5310	ans above the slyly regular ideas cajole furiously across the regular, regular decoys. furiously final asymptotes s
464	Customer#000000464	49882.6228	8730.85	INDONESIA	kAALP9gEt3,G9XtxCXjv38HjKBEP	19-269-971-9738	efully express accounts play. special requests use carefully. regular courts sle
1339	Customer#000001339	49825.3098	8167.50	EGYPT	QGiiQ1iMDmLKLAHsZa L68gZFyPXX18a38IS	14-904-963-2452	neath the carefully unusual plat
545	Customer#000000545	49438.5210	7505.33	IRAN	AsYw6k,nDUQcMOpEws	20-849-123-8918	 carefully final deposits. slyly unusual pinto beans may wake bold requests. unusual courts alongside 
1907	Customer#000001907	48733.2472	2145.93	UNITED STATES	Wjpx2yEVYfTUHPc9TgXzD64PBqW x	34-755-117-7537	carefully silent platelets wake fluffily express deposits. forges against the ironic platelets are silent requests. 
587	Customer#000000587	48723.9536	7077.79	FRANCE	J2UwoJEQzAOTtuBrxGVag9iWSUPTp	16-585-233-5906	ve the final asymptotes. carefully final deposits wake fu
1555	Customer#000001555	48205.2996	-740.02	ETHIOPIA	7V1UD h0 oKL04nnKVzu7UCmFSL56	15-722-660-7220	ng deposits alongside of the express, bold deposits cajole blithely deposits. even packa
1037	Customer#000001037	48043.9674	4936.25	UNITED KINGDOM	dwgDZPKR5ZuU3HO2sDOS7Ym0oeC8c6Xm	33-855-960-2989	lly final pinto beans. pending instructions boost careful
1696	Customer#000001696	47999.1015	4978.11	MOZAMBIQUE	HIJoLNtvjJbh5H0PturTaOBtSAQ3T,j7GSqq	26-115-967-9585	eans across the even attainments haggle carefully above the furiously express req
1531	Customer#000001531	47341.7070	728.83	VIETNAM	OomxCS69ZBbyC99b6YHXYGvw1Fs	31-735-863-6916	. deposits use furiously. ironic accounts affix
1616	Customer#000001616	45554.8750	4635.15	SAUDI ARABIA	hZ7KvTsImg5hRUWmHXpkZGvhFe	30-752-506-2492	 pending tithes. furiously blithe instructions boost. thinly pending ideas use careful
37	Customer#000000037	45386.4312	-917.75	INDIA	7EV4Pwh,3SboctTWt	18-385-235-7162	ilent packages are carefully among the deposits. furiousl
1595	Customer#000001595	45245.9350	1151.78	CANADA	bJ6tl8L3gexrf9rdD,Nn9ojzg92	13-153-638-7545	hely final ideas. regularly daring requests sleep. silent excuses s
382	Customer#000000382	45140.0950	6269.42	INDIA	UdgAMamK5JnSykA,ZPfR5W5zRFatDUye	18-942-650-6657	. blithely express notornis according to the blithely even requests are never fina
1439	Customer#000001439	44760.8160	8487.60	VIETNAM	IGGK4SXvT5ioAeT2fbVYDemsTTqqhsQu6	31-433-694-1822	ely after the carefully bold accounts. carefully ironic packages are silent packages. blithely ironic pinto beans ar
526	Customer#000000526	44644.0500	705.93	ARGENTINA	0oAVPhh1I4JdrDafVG2Z8	11-170-679-3115	ctions cajole after the furiously unusual ideas. ironic packages among the instructions are carefully carefully iro
1906	Customer#000001906	44482.1348	3448.10	ETHIOPIA	pByvzLPeSKa8Zlh5ncJwAuYK2U	15-956-730-8661	 the fluffily special foxes. carefully pending deposits by the special, final accounts wake care
935	Customer#000000935	44219.4252	2531.25	ALGERIA	XkVT4jvetY4JV76IAkd91sSp9CqsICE	10-724-445-8323	 furiously pending ideas. daringly 
676	Customer#000000676	43881.5260	5527.61	UNITED STATES	JzJnD kA3KTjTYl	34-710-820-8362	es. slyly even theodolites across the slyly ironic accounts nag from the slyly even accounts. accounts are. 
811	Customer#000000811	43643.7064	9010.02	MOROCCO	Rau3ADOLCNXM42D6fjQTFuueQce2BHw9r	25-575-731-2159	kly pending foxes dazzle fluffily after the furiously bold packages. fluffy
1894	Customer#000001894	43609.8400	5415.55	JAPAN	X,KINka,nciwGbK	22-832-993-2803	 final deposits. regular frays was blithely carefully regular platelets. even dolphins run among the 
1711	Customer#000001711	43544.1266	4421.61	MOROCCO	Mhg8c9IAFb8G	25-302-946-6337	gle carefully. final, even deposi
1712	Customer#000001712	43183.5914	7013.72	CHINA	Qdv0r7aA5tmEZw JkozgH	28-959-477-6941	le blithely. regular, regular dependencies integrate slowly a
107	Customer#000000107	42672.0112	2514.15	MOROCCO	Zwg64UZ,q7GRqo3zm7P1tZIRshBDz	25-336-529-9919	counts cajole slyly. regular requests wake. furiously regular deposits about the blithely final fo
217	Customer#000000217	42468.3252	378.33	UNITED KINGDOM	YIy05RMdthrXqdfnNKud	33-159-298-3849	ven frays wake according to the carefully 
1585	Customer#000001585	42466.3684	7651.05	RUSSIA	kMDzNCvICH1j7sLp8g0CFB8cO12tCS70VTp5wM7	32-232-514-3624	 carefully regular packages are about the carefully silent foxes. fluffily regular Tiresias wake furiously across th
862	Customer#000000862	42161.9310	2338.92	BRAZIL	zkaZ,iOp8t9MBK9T,JIPGL5hmBmK,xjkjHEP	12-479-479-6941	yly regular foxes sleep. quickly ironic foxes use furiously express deposits! carefully regular
1982	Customer#000001982	41996.7488	3567.30	JAPAN	mpS3z3Av8c89RsaJyiet	22-891-773-1026	e blithely courts. even, express re
404	Customer#000000404	41270.3810	7408.73	RUSSIA	2orgvLJ05jOvM292mhkS7iJmHG0jk	32-840-785-1776	uickly brave requests haggle furiously carefully special idea
496	Customer#000000496	40403.7152	8174.82	JAPAN	Y8oYLlHme6Z4fEzkTu	22-173-644-7922	 quickly bold packages. decoys among the blithely pending accounts lose according to the deposits.
1507	Customer#000001507	40402.1016	5801.76	IRAN	KtVNuytlncvuV44YzpoB	20-694-294-7077	symptotes around the blithely ironic requests may boost blithely during the bold, final ideas. ironic pinto beans sl
1763	Customer#000001763	40344.3300	4490.23	ARGENTINA	Co2ATzqcl61Cd	11-738-302-2342	manent accounts use slyly regular requests. carefully special packages after the pending 
452	Customer#000000452	40027.7514	6633.70	FRANCE	,TI7FdTc gCXUMi09qD	16-335-974-9174	aggle quickly. unusual instructions i
1178	Customer#000001178	39815.7732	4966.58	INDONESIA	W,03Nl2iWQ94xYyCo3R8CTMNFhu	19-717-739-3103	 even requests cajole furiously after the quickly ironic accounts. even re
1327	Customer#000001327	39775.3600	0.97	JAPAN	LBVMBxjllZpTQd	22-920-576-6295	 are furiously according to the multipliers. pinto beans are thinly. special deposits haggle quickly express Ti
1333	Customer#000001333	39728.3328	1330.85	BRAZIL	o9o6lky2KYgFZ2cSx5lyFQYufM1i1d	12-154-975-6824	beans integrate fluffily. carefully final pinto beans wake furiously even pint
1835	Customer#000001835	39530.3220	2081.99	GERMANY	XwMDWDz0zgJT7CpiEZ7Mak8kB6m	17-285-512-9067	s. carefully unusual packages along the carefully idle pinto beans haggle carefull
253	Customer#000000253	39400.5518	9139.52	MOROCCO	naGyIRPFPH E	25-461-140-9884	 regular deposits sleep against the accounts. foxes cajole carefully special 
1111	Customer#000001111	39287.0754	2892.21	FRANCE	gavpg6eW5lEML	16-824-312-3537	s are slyly quiet requests. darin
2146	Customer#000002146	39185.6920	1609.84	MOROCCO	ff awyCpNRxWpA	25-754-130-2526	und the slyly ironic courts cajole among the accounts. furiously regu
1342	Customer#000001342	39125.4300	1520.34	MOZAMBIQUE	FD6UNqfsYMKkf3ZFZdI4EaYMZ	26-340-733-2096	y around the final, special foxes. 
1654	Customer#000001654	39030.7890	1522.54	ETHIOPIA	igHSnmh 6yMC3vF	15-299-167-7023	thely unusual requests boost slyly special, final requests. quickly exp
875	Customer#000000875	38911.7588	-949.28	CANADA	8pQ4YUYox0d	13-146-810-5423	ar theodolites snooze slyly. furiously express packages cajole blithely around the carefully r
359	Customer#000000359	37710.0360	6375.23	KENYA	z4lUH9ssc3K2w0UjRIuNRrdqw	24-608-547-4751	ifts wake fluffily ironic ideas. slyly ironic deposits above the 
1121	Customer#000001121	37154.9568	3942.11	SAUDI ARABIA	o2uc3AHYz,m 3vYg8YxBwI0XuG	30-197-936-4724	usly? final theodolites are carefully 
2240	Customer#000002240	36215.8412	3815.06	RUSSIA	x4ytmBtcuAsHHqsMw6fCLI3SJ	32-834-407-6114	 pending packages use furiously. quick
1576	Customer#000001576	35959.2192	1006.44	RUSSIA	ec9dOjmCD0iicQEc4iIff88zX4kFGHPZUPYX1sBg	32-430-540-7796	y bold requests about the ironic, regular theodolites haggle slyly instructions: ironic courts wake carefully.
619	Customer#000000619	35764.1464	2336.99	UNITED STATES	6bxrNxQA oes7cMa23R 5lDmIOIRThvd	34-245-618-6317	ts breach slyly after the slyly regu
1210	Customer#000001210	35159.8500	8137.66	MOZAMBIQUE	bUTLW1KIHzzQkuOEwUMwEGCQfTQM7aBmUM0	26-202-315-9048	luffily ironic accounts haggle about the regular theod
97	Customer#000000097	35058.5620	2164.48	PERU	OApyejbhJG,0Iw3j rd1M	27-588-919-5638	haggle slyly. bold, special ideas are blithely above the thinly bold theo
812	Customer#000000812	34628.8216	3428.67	PERU	u9uI3BE68quHja6k0,UXRYFgvLHl3jKhn	27-714-618-2239	ar packages. packages thrash amo
877	Customer#000000877	34422.3736	1755.33	MOZAMBIQUE	uYO2BKogrHcOcHEgzjlmZAa1QYyR45i8	26-400-912-7812	packages cajole carefully. slyly regular pinto beans bo
2002	Customer#000002002	34177.1348	5326.64	KENYA	u2ZMTb2TqaND0MnXfku7juxnFVvo	24-159-880-1131	decoys. ironic dependencies integrate closely. slyly quiet courts thrash slyly above the furi
467	Customer#000000467	34146.8888	9398.51	IRAQ	amwRkh0nDQ6r6MU	21-449-581-5158	manently special warthogs. final ideas a
529	Customer#000000529	34133.7249	9647.58	MOROCCO	oGKgweC odpyORKPJ9oxTqzzdlYyFOwXm2F97C	25-383-240-7326	 deposits after the fluffily special foxes integrate carefully blithely dogged dolphins. enticingly bold d
1993	Customer#000001993	34003.0110	1209.74	ALGERIA	Yi8QRnZDlVqZfW8SHbw,drKwsPBd6qXjavl	10-928-142-7350	regular pinto beans. furiously ironic epitaphs after the 
1837	Customer#000001837	33961.5360	-886.94	KENYA	sWO0VNEY4GzuBq L0vJ5p2	24-908-704-5003	unts after the bold, regular dependencies breach a
2126	Customer#000002126	33810.1390	8405.67	ALGERIA	G0nn9PDIrlnoSIwR,sFHXi, 0t84FMYm5zt	10-313-709-2418	ding to the slyly even deposits. furiously final packages play furiously among the requests; ca
2173	Customer#000002173	33341.0484	7684.96	IRAN	j7dEf5DONdLeujp cLC8lgMx,	20-146-331-2592	 to the carefully express foxes cajole aroun
1649	Customer#000001649	32604.2784	2271.45	EGYPT	7n8CvxEE4tthklLyRNZIMQds5rruRPiQLLdV	14-308-532-5953	te across the blithely ironic packages. blithely final accounts among the quietl
2125	Customer#000002125	32538.9035	703.54	ETHIOPIA	NE2mQkLCiKCJY53P6plj	15-773-361-3587	along the finally regular pinto beans. doggedly special accounts sleep blithe
2230	Customer#000002230	32472.6402	3103.00	KENYA	mYBmgFVQgxzHYZdrMUWhF7u0ayPDA1o9S23	24-253-371-2838	usual excuses wake blithely pending packages. express instruction
157	Customer#000000157	32459.6160	9768.73	MOROCCO	HGEouzCcFrNd nBAdsCRjsMxKOvYZdbwA7he5w9v	25-207-442-1556	 pinto beans against the carefully bold requests wake quickly alongside of the final accounts. accounts
199	Customer#000000199	32329.3824	7654.31	EGYPT	lBU3xll,a7e9TYm3 UyjDPCVMvnHKpq,9HW1X	14-136-924-5232	fully busy pinto beans. packages cajole around the express, bold packages! quickly ironic tithes
1565	Customer#000001565	32136.7266	1820.03	BRAZIL	EWQO5Ck,nMuHVQimqL8dLrixRP6QKveXcz9QgorW	12-402-178-2007	ously regular accounts wake slyly ironic idea
2086	Customer#000002086	32105.5764	9306.44	BRAZIL	Oq0Ra2qWCHboJxEj,aqnk3OWpOCCr	12-233-293-2342	n theodolites. blithely ironic accounts about the unusual, final sheaves 
64	Customer#000000064	31505.4679	-646.64	CANADA	MbCeGY20kaKK3oalJD,OT	13-558-731-7204	structions after the quietly ironic theodolites cajole be
58	Customer#000000058	30585.0276	6478.46	JORDAN	g9ap7Dk1Sv9fcXEWjpMYpBZIRUohi T	23-244-493-2508	ideas. ironic ideas affix furiously express, final instructions. regular excuses use quickly e
691	Customer#000000691	30445.5888	9566.15	MOZAMBIQUE	0RkDX6OLU1hISYCLmdLD C	26-741-688-4189	p. ironic, regular foxes against the ironic, special theodolites nod carefully quietly unusu
500	Customer#000000500	30379.8600	3300.82	EGYPT	fy7qx5fHLhcbFL93duj9	14-194-736-4233	s boost furiously. slyly special deposits sleep quickly above the furiously i
121	Customer#000000121	30358.7712	6428.32	PERU	tv nCR2YKupGN73mQudO	27-411-990-2959	uriously stealthy ideas. carefully final courts use carefully
1861	Customer#000001861	30187.3572	7584.92	MOROCCO	E XEUZYUxRnh0Z1MKcU19Ff2kj7	25-966-583-8374	blithely regular instructions detect fluffily abou
1300	Customer#000001300	30014.6012	-370.44	UNITED KINGDOM	VmW1dNLVaQY0ud6Csa5WHWuV8	33-581-399-6027	 x-ray furiously regular deposits. final, silent theodolites are slyly pending ideas. final dependencies
1775	Customer#000001775	29829.8868	3221.15	BRAZIL	RUY1tS8uCKV1DrB	12-544-332-4550	 the furiously silent packages. pending, final accounts breach. instructions according to the quick
659	Customer#000000659	29183.3711	5297.68	ALGERIA	ThR9miOedPuwVEZyz 3MMjHPwB	10-834-287-1466	s cajole final, regular dependencies. final accounts sleep! furiously regular requests wake slyly silent
1504	Customer#000001504	29049.3090	8151.61	ALGERIA	suueZs7bAberaafllLS	10-462-929-6039	ess theodolites. blithely speci
1186	Customer#000001186	28748.0388	4466.30	UNITED KINGDOM	cj5EeLbJJ6MPdynzposq,Apbj9 2Jm	33-500-965-3385	ding realms cajole after the even foxes
1606	Customer#000001606	28260.5715	2244.46	ROMANIA	rIhuh0JIXA caaG	29-275-181-3687	y slyly unusual accounts. even foxes print furiously daringly even waters. blithely unusual deposits boo
1978	Customer#000001978	27446.2600	7503.87	JORDAN	e4sYh5qmltXfpKhnO fQF3E9dZuWXu,C0E	23-513-770-1875	ully regular dolphins. blithely express requests are furiously slyly regular accounts-- caref
1373	Customer#000001373	27208.8700	909.84	JORDAN	fAfmAacTlPc	23-959-476-7310	ckages cajole slyly even requests. express 
607	Customer#000000607	27110.1832	4038.45	UNITED STATES	m61hvYPASIGmNJx7Tu	34-601-151-4029	ymptotes. blithely bold requests shall are about the furiously final platelets.
586	Customer#000000586	26737.4844	5134.35	IRAQ	vGaA9XBtn,hlswFhSjLIXGlLEDD2flE8UXwj	21-239-369-7791	above the blithely express ideas. slyly r
1922	Customer#000001922	26054.5824	3398.55	INDONESIA	qMXL1bzgCtSj1GLMI3AMi1CNV,f, 0iCXt	19-532-924-9245	ake carefully even packages. ironic requests against the express, even asymptotes affi
101	Customer#000000101	25673.4720	7470.96	BRAZIL	sMmL2rNeHDltovSm Y	12-514-298-3699	 sleep. pending packages detect slyly ironic pack
311	Customer#000000311	25256.4840	6589.50	UNITED KINGDOM	dvpNARle3mR19GD4s2gpEbkL2mZV3uvV6P	33-919-292-8822	essly even escapades. blithely regular Tiresias cajole blithely furiously close packages. furiously ironic pi
761	Customer#000000761	24937.2600	1525.96	ROMANIA	oObRVLlulGS5xikRk8La	29-835-631-4258	ress Tiresias haggle across the never ironic ideas. blithely pending theodolites cajole ironically
1231	Customer#000001231	24567.6104	2326.68	INDONESIA	qJWtxdKmKWcR5XgMDn	19-316-348-3289	uickly regular foxes are after t
1193	Customer#000001193	24556.0455	-17.10	INDIA	gdKqrIp,yaMaQSFerrGGzc6Kpy	18-524-487-2547	accounts sleep carefully. regular accounts wake slyly. carefully regular requests along the quickly pend
863	Customer#000000863	24230.6792	5274.52	CANADA	 oaBBxuQLKPawG1yqOc7cyVhOezCy	13-801-392-5922	d accounts detect. bold pinto beans against the slyly ironic
1321	Customer#000001321	23207.7300	3589.49	IRAN	dWd3MhPQY3	20-571-787-3958	express foxes are quickly blithely bold 
187	Customer#000000187	22416.5933	-774.22	EGYPT	OIlgR6oIRXV5g63q5YGudCjRD8kpod2p	14-716-294-6674	r deposits. carefully silent packages after the fluffily even instructio
1579	Customer#000001579	21828.0846	4763.17	CANADA	TI4GCerFzw2UgqQdzJ94	13-255-948-9257	efully across the quickly express deposits. slyly regular deposits sleep above the blithely ironic theodoli
752	Customer#000000752	21355.6211	8363.66	INDIA	KtdEacPUecPdPLt99kwZrnH9oIxUxpw	18-924-993-6038	mong the ironic, final waters. regular deposits above the fluffily ironic instructions
2017	Customer#000002017	21312.4608	9454.70	RUSSIA	MwQVopgHV2Dk0X2Oj Tr,G97 cPX0iGpEySzmiBG	32-950-527-2067	ounts. slyly special deposits believe carefully. fluffily express accounts after the foxes sleep fluffily 
1298	Customer#000001298	21089.6016	3903.54	MOROCCO	ujAPYPBrLW,oIxGpuWmxoTDscSXFOP Tjk	25-765-244-1549	er furiously despite the ironic, even ideas. slyly silent ideas boost
1909	Customer#000001909	21087.1892	1605.61	ROMANIA	wrQOWC 6kE	29-108-892-4321	 the regular, unusual accounts. fluffily final theodolites d
814	Customer#000000814	20709.2628	4011.18	MOROCCO	KmMC1nd5iOXTRlhzMu13Wtx	25-342-269-3824	yly at the blithely regular excuses. carefully thin pinto beans boost slyly furiously regu
1334	Customer#000001334	20651.2894	2485.71	ETHIOPIA	gZkxQY2Aa3o D6f1O 7nsPdg6BJ3	15-493-800-1041	 unusual dependencies cajole regular, r
1730	Customer#000001730	20402.3616	2743.27	ARGENTINA	p8wSGXOVmXO6rJBW3jgEjcFYRKW0jVY	11-216-159-3328	efully final somas hang slyly. dependencies over the blithely regular requests haggle carefull
631	Customer#000000631	20078.3772	2603.00	ROMANIA	By LIK3TbJ67sJLlpaoOCXZheuX	29-864-813-2575	bold platelets haggle. slyly even pearls can solve slyly among the final foxes. slyly unusual r
1915	Customer#000001915	18863.8916	7268.98	MOZAMBIQUE	FMtQbAxpu5v3,0NVxEJwU24sV2TgF	26-683-446-1665	s. furiously ironic ideas boost furiously among the ironic pinto beans. accounts thrash slyly about the
899	Customer#000000899	18390.9684	8605.53	BRAZIL	Th5XO5ImeCe9nHFQfQMCkNcmf5WHSeYQaR5TJ	12-594-534-9654	rding to the furiously unusual accounts. express, express accounts nag furiously. ide
854	Customer#000000854	18029.0000	3393.86	ALGERIA	flSR,SlEXwxrDcm3uedfK1Oiq,c9mZI	10-544-967-2382	t slyly after the furiously even escapades. carefully regular pa
1252	Customer#000001252	17001.0236	3279.84	JAPAN	u2OUDBxaayX4WhrftcM,	22-604-782-7617	eans might impress about the bold requests. bl
268	Customer#000000268	16282.5828	6821.01	CANADA	tkSLQoOpfOa601itad05EcN0UmhjZXdyKRc0r	13-720-469-5207	press ideas print quickly. fluffily unusual deposits use blithely eve
112	Customer#000000112	16133.3892	2953.35	ROMANIA	RcfgG3bO7QeCnfjqJT1	29-233-262-8382	rmanently unusual multipliers. blithely ruthless deposits are furiously along the
383	Customer#000000383	16030.3570	-849.44	BRAZIL	iBIHYgXvVDpu6qq7FlqXVcAIDAzv4qs	12-868-920-9034	slyly express ideas haggle blithely unusual dugouts. ironic pinto beans are ironic ideas.
1253	Customer#000001253	14624.5662	1222.21	ARGENTINA	2rEfA2LR6LkUXjoMxIsv58YSHPMjlqr1YXhHSX	11-900-587-2067	efully regular deposits. bravely ironi
2096	Customer#000002096	14321.2590	2456.51	EGYPT	N3V4zQ0PFtTn41mHpmzNfmOfxLVgQXt9NI7dG	14-649-636-5253	 thinly pending asymptotes must haggle into the quickly even packages. quickly final depo
170	Customer#000000170	13564.5720	7687.89	MOROCCO	5QmxmYubNhn6HAgLwTvphevM3OmpZTGsM	25-879-984-9818	 regular requests. carefully regu
971	Customer#000000971	13189.2562	3914.88	ARGENTINA	z29DUY Utsi6mWKI	11-256-718-6928	ular theodolites haggle carefully: f
322	Customer#000000322	12961.4485	4489.98	SAUDI ARABIA	bWRyCyjH5OfGX	30-660-202-7517	usual sauternes are among the slyly even instructions! thinly regular 
1469	Customer#000001469	12815.5860	4329.98	GERMANY	yLW8qLv25wuMsibRd,1qJe9	17-961-583-4658	y even dependencies wake against the regular, final excuses. packages haggle slyly a
1543	Customer#000001543	12623.3472	5653.73	CHINA	IKgaPQRsONfY1vAsPP	28-327-662-8527	ckages haggle. idly even deposits according to the regularly even ideas haggle blithely re
1385	Customer#000001385	11919.2892	2326.75	CANADA	4jAtwsWIITPzhTIx7jblhjp9aAzejEGnu	13-693-138-5884	ithely daring ideas? regular requests wake slyly ag
307	Customer#000000307	11816.5340	346.59	JORDAN	xvkJ13gs7GH	23-836-934-5394	 ironic platelets nag against the bold pinto 
1612	Customer#000001612	10890.8404	2613.29	MOZAMBIQUE	oRmhlGYt71UyFdgI4KvPxF	26-493-547-6969	oost blithely about the blithely express packages. reg
43	Customer#000000043	10489.4064	9904.28	ROMANIA	ouSbjHk8lh5fKX3zGso3ZSIj9Aa3PoaFd	29-316-665-2897	ial requests: carefully pending foxes detect quickly. carefully final courts cajole quickly. carefully
368	Customer#000000368	10455.8850	84.72	RUSSIA	9p ReFA4fseKWYUaUHi	32-552-596-4994	ic asymptotes. quickly special packages along the bravely bold depos
1330	Customer#000001330	10406.2500	3893.14	ARGENTINA	MGY4P7QIy3	11-353-524-1234	to beans doze along the furiously final pinto beans. req
28	Customer#000000028	10343.8728	1007.18	INDIA	iVyg0daQ,Tha8x2WPWA9m2529m	18-774-241-1462	 along the regular deposits. furiously final pac
758	Customer#000000758	9995.0760	6352.14	PERU	8fJLXfS5Zup0GQ3xBKL3eAC Q	27-175-799-9168	eposits. blithely unusual deposits affix care
577	Customer#000000577	9874.6490	7059.15	KENYA	a73SSq2cip7C8nSzdmmscpZyLCZ7KL	24-662-826-1317	int furiously. slyly express pin
916	Customer#000000916	9862.2350	130.59	UNITED KINGDOM	9Zo7nkmzJla4Q4PE5mbw	33-511-587-8754	sual ideas cajole carefully ironic excuses. final platelets use slyly. quickly special instructions nag. bold escapa
976	Customer#000000976	9774.0000	7772.85	ROMANIA	I78UJ2ks3sbcd0c2NQ7aH	29-436-660-4732	special requests wake carefully regular somas. special theodolites wake regular, unusual pinto beans. furi
1994	Customer#000001994	9527.1876	1971.60	ARGENTINA	TRsalXgbwGxicJe1Ogt4th3BwgmrADqgILXd	11-384-723-1000	taphs along the furiously regular dependencies must have to run blithely idle dependencies. slyly fi
1360	Customer#000001360	9173.3404	1422.57	ROMANIA	xeaT6W6D569UKCKU86iK9b6aUanlra	29-574-552-4018	nt packages affix quickly furiously regular foxes; quickly 
2035	Customer#000002035	7907.4368	3906.97	JORDAN	R3SU3DugFfVOmdyW3mxxrXuDWwdd	23-290-569-8258	yly special deposits dazzle quickly a
1939	Customer#000001939	7625.7696	1306.86	ALGERIA	SBEYKDkrUBAt2RNh1z0dtG	10-417-450-5341	usly unusual theodolites haggle slyly around the fluffily ironic asymptotes. express instructions cajo
1864	Customer#000001864	7619.5152	7669.96	RUSSIA	ZTAtP8aj97X246rzbsglEXqogjhEcYybWE3W	32-582-138-8697	uriously. final packages detect slyly blithely r
407	Customer#000000407	7520.6040	9537.08	ARGENTINA	cfCP9bE3HnI	11-975-454-8499	ect among the carefully regular theodolites. regular dep
1687	Customer#000001687	7284.3750	8151.36	UNITED KINGDOM	lNxhAZMB,t1bbxFz7UXI0gFWhw	33-345-542-8289	 boost blithely at the furiously special requests. ironic, unusual requests 
2027	Customer#000002027	7192.6500	1660.31	IRAQ	Y3WD8Bm9JNWUbqP	21-119-883-6653	lar foxes cajole. furiously final r
2050	Customer#000002050	6592.4496	5074.43	KENYA	zk8MWFFb0zPXGS45,FRWgJ	24-818-389-2744	tructions sleep fluffily. iro
982	Customer#000000982	6577.1400	1437.55	UNITED KINGDOM	EN9aD5Xgh2q	33-460-986-9418	lithely express requests along the carefully pendi
1274	Customer#000001274	6236.3463	126.97	UNITED STATES	eHJnE7ytBm	34-152-721-6307	nts are enticingly above the furiously
553	Customer#000000553	6181.6500	4804.57	EGYPT	8tTlavJ sT	14-454-146-3094	ully regular requests are blithely about the express, bold platelets. slyly permanent deposits across the
2206	Customer#000002206	5688.2400	9086.77	ROMANIA	hTblGZd y8IvclIQ	29-587-821-9222	 regular foxes after the fluffily regular foxes nag furiously among the blithely 
32	Customer#000000032	5347.1616	3471.53	MOROCCO	jD2xZzi UmId,DCtNBLXKj9q0Tlp2iQ6ZcO3J	25-430-914-2194	cial ideas. final, furious requests across the e
1397	Customer#000001397	4398.0816	5466.83	INDIA	1bk KBemIEsKhD3VyXa6IRLx 4GH u	18-294-992-6523	onic packages across the bold, regular dolphins boost furiously furious multipliers; furiously specia
1234	Customer#000001234	3506.4120	-982.32	ARGENTINA	B3OhbH0MRJE,F0Lc7Jq0Ttv3	11-742-434-6436	y ironic instructions are quickly about the slyly silent pinto beans. quickly final dependenci
2194	Customer#000002194	1471.2570	3325.24	CHINA	6eW1P7MMBAP	28-999-768-1409	ans. furiously even dependencies cajole blithely regular request
142	Customer#000000142	1238.7648	2209.81	INDONESIA	AnJ5lxtLjioClr2khl9pb8NLxG2,	19-407-425-2584	. even, express theodolites upo
1097	Customer#000001097	1160.2540	8651.87	FRANCE	a wMc0lQutcHs6cRomoMCGjvM0MwEk4uyrxKI3	16-604-758-5574	p carefully. carefully special excuses haggle carefully about th
